Using pre-set license
Built from '2020.3/staging' branch; Version is '2020.3.23f1 (c5d91304a876) revision 12966163'; Using compiler version '192528614'; Build Type 'Release'
OS: 'Windows 10 Pro; OS build 19043.1348; Version 2009; 64bit' Language: 'en' Physical Memory: 3971 MB
BatchMode: 1, IsHumanControllingUs: 0, StartBugReporterOnCrash: 0, Is64bit: 1, IsPro: 0

COMMAND LINE ARGUMENTS:
C:\Program Files\Unity\Hub\Editor\2020.3.23f1\Editor\Unity.exe
-adb2
-batchMode
-noUpm
-name
AssetImportWorker6
-projectPath
D:/CS222/lab1_25
-logFile
Logs/AssetImportWorker6.log
-srvPort
63682
Successfully changed project path to: D:/CS222/lab1_25
D:/CS222/lab1_25
Using Asset Import Pipeline V2.
Refreshing native plugins compatible for Editor in 281.80 ms, found 2 plugins.
Preloading 0 native plugins for Editor in 0.00 ms.
Initialize engine version: 2020.3.23f1 (c5d91304a876)
[Subsystems] Discovering subsystems at path C:/Program Files/Unity/Hub/Editor/2020.3.23f1/Editor/Data/Resources/UnitySubsystems
[Subsystems] Discovering subsystems at path D:/CS222/lab1_25/Assets
GfxDevice: creating device client; threaded=0
Direct3D:
    Version:  Direct3D 11.0 [level 11.1]
    Renderer: NVIDIA GeForce MX230 (ID=0x1d11)
    Vendor:   
    VRAM:     1984 MB
    Driver:   30.0.14.7111
Initialize mono
Mono path[0] = 'C:/Program Files/Unity/Hub/Editor/2020.3.23f1/Editor/Data/Managed'
Mono path[1] = 'C:/Program Files/Unity/Hub/Editor/2020.3.23f1/Editor/Data/MonoBleedingEdge/lib/mono/unityjit'
Mono config path = 'C:/Program Files/Unity/Hub/Editor/2020.3.23f1/Editor/Data/MonoBleedingEdge/etc'
Using monoOptions --debugger-agent=transport=dt_socket,embedding=1,server=y,suspend=n,address=127.0.0.1:56508
Begin MonoManager ReloadAssembly
Registering precompiled unity dll's ...
Register platform support module: C:/Program Files/Unity/Hub/Editor/2020.3.23f1/Editor/Data/PlaybackEngines/WindowsStandaloneSupport/UnityEditor.WindowsStandalone.Extensions.dll
Registered in 0.001693 seconds.
Native extension for WindowsStandalone target not found
Refreshing native plugins compatible for Editor in 41.88 ms, found 2 plugins.
Preloading 0 native plugins for Editor in 0.00 ms.
Mono: successfully reloaded assembly
- Completed reload, in  1.075 seconds
Domain Reload Profiling:
	ReloadAssembly (1075ms)
		BeginReloadAssembly (225ms)
			ExecutionOrderSort (0ms)
			DisableScriptedObjects (0ms)
			BackupInstance (0ms)
			ReleaseScriptingObjects (0ms)
			CreateAndSetChildDomain (1ms)
		EndReloadAssembly (694ms)
			LoadAssemblies (224ms)
			RebuildTransferFunctionScriptingTraits (0ms)
			SetupTypeCache (228ms)
			ReleaseScriptCaches (0ms)
			RebuildScriptCaches (49ms)
			SetupLoadedEditorAssemblies (209ms)
				LogAssemblyErrors (0ms)
				InitializePlatformSupportModulesInManaged (8ms)
				SetLoadedEditorAssemblies (0ms)
				RefreshPlugins (42ms)
				BeforeProcessingInitializeOnLoad (13ms)
				ProcessInitializeOnLoadAttributes (110ms)
				ProcessInitializeOnLoadMethodAttributes (36ms)
				AfterProcessingInitializeOnLoad (0ms)
				EditorAssembliesLoaded (0ms)
			ExecutionOrderSort2 (0ms)
			AwakeInstancesAfterBackupRestoration (0ms)
Platform modules already initialized, skipping
Registering precompiled user dll's ...
Registered in 0.002560 seconds.
Begin MonoManager ReloadAssembly
Native extension for WindowsStandalone target not found
Refreshing native plugins compatible for Editor in 0.38 ms, found 2 plugins.
Preloading 0 native plugins for Editor in 0.00 ms.
Mono: successfully reloaded assembly
- Completed reload, in  1.531 seconds
Domain Reload Profiling:
	ReloadAssembly (1532ms)
		BeginReloadAssembly (168ms)
			ExecutionOrderSort (0ms)
			DisableScriptedObjects (5ms)
			BackupInstance (0ms)
			ReleaseScriptingObjects (0ms)
			CreateAndSetChildDomain (22ms)
		EndReloadAssembly (1288ms)
			LoadAssemblies (95ms)
			RebuildTransferFunctionScriptingTraits (0ms)
			SetupTypeCache (451ms)
			ReleaseScriptCaches (0ms)
			RebuildScriptCaches (50ms)
			SetupLoadedEditorAssemblies (546ms)
				LogAssemblyErrors (0ms)
				InitializePlatformSupportModulesInManaged (16ms)
				SetLoadedEditorAssemblies (1ms)
				RefreshPlugins (0ms)
				BeforeProcessingInitializeOnLoad (127ms)
				ProcessInitializeOnLoadAttributes (380ms)
				ProcessInitializeOnLoadMethodAttributes (16ms)
				AfterProcessingInitializeOnLoad (6ms)
				EditorAssembliesLoaded (0ms)
			ExecutionOrderSort2 (0ms)
			AwakeInstancesAfterBackupRestoration (9ms)
Platform modules already initialized, skipping
========================================================================
Worker process is ready to serve import requests
Launched and connected shader compiler UnityShaderCompiler.exe after 0.10 seconds
Refreshing native plugins compatible for Editor in 0.55 ms, found 2 plugins.
Preloading 0 native plugins for Editor in 0.00 ms.
Unloading 1506 Unused Serialized files (Serialized files now loaded: 0)
System memory in use before: 67.6 MB.
System memory in use after: 67.7 MB.

Unloading 19 unused Assets to reduce memory usage. Loaded Objects now: 1938.
Total: 4.429500 ms (FindLiveObjects: 0.352500 ms CreateObjectMapping: 0.088800 ms MarkObjects: 3.877300 ms  DeleteObjects: 0.109400 ms)

AssetImportParameters requested are different than current active one (requested -> active):
  custom:framework-win-MediaFoundation: 216162199b28c13a410421893ffa2e32 -> 
  custom:video-decoder-ogg-theora: a1e56fd34408186e4bbccfd4996cb3dc -> 
  custom:container-muxer-webm: aa71ff27fc2769a1b78a27578f13a17b -> 
  custom:container-demuxer-webm: 4f35f7cbe854078d1ac9338744f61a02 -> 
  custom:container-demuxer-ogg: 62fdf1f143b41e24485cea50d1cbac27 -> 
  custom:video-encoder-webm-vp8: eb34c28f22e8b96e1ab97ce403110664 -> 
  custom:video-decoder-webm-vp8: 9c59270c3fd7afecdb556c50c9e8de78 -> 
  custom:audio-decoder-ogg-vorbis: bf7c407c2cedff20999df2af8eb42d56 -> 
  custom:audio-encoder-webm-vorbis: bf7c407c2cedff20999df2af8eb42d56 -> 
========================================================================
Received Import Request.
  path: Assets/Prefabs/Robot.prefab
  artifactKey: Guid(2928bcc1ecabce74fbaafdf6f3891bb7) Importer(815301076,1909f56bfc062723c751e8b465ee728b)
Start importing Assets/Prefabs/Robot.prefab using Guid(2928bcc1ecabce74fbaafdf6f3891bb7) Importer(815301076,1909f56bfc062723c751e8b465ee728b)  -> (artifact id: '572b6b2cbc5336fa75e7987947be271a') in 0.298020 seconds 
  Import took 0.332830 seconds .

========================================================================
Received Import Request.
  Time since last request: 0.000820 seconds.
  path: Assets/Prefabs/Block.prefab
  artifactKey: Guid(14eab43a4dbcbac48b2aa122eca392aa) Importer(815301076,1909f56bfc062723c751e8b465ee728b)
Start importing Assets/Prefabs/Block.prefab using Guid(14eab43a4dbcbac48b2aa122eca392aa) Importer(815301076,1909f56bfc062723c751e8b465ee728b)  -> (artifact id: '964ac546869396b7083564a9c795ad09') in 0.119209 seconds 
  Import took 0.193525 seconds .

========================================================================
Received Import Request.
  Time since last request: 0.000735 seconds.
  path: Assets/Prefabs/Robot Wrecked.prefab
  artifactKey: Guid(9c26a79b6cdbe634b937cdf99831244f) Importer(815301076,1909f56bfc062723c751e8b465ee728b)
Start importing Assets/Prefabs/Robot Wrecked.prefab using Guid(9c26a79b6cdbe634b937cdf99831244f) Importer(815301076,1909f56bfc062723c751e8b465ee728b)  -> (artifact id: '2f6239c63f86006c53ee9dc9af1127ec') in 0.086113 seconds 
  Import took 0.135256 seconds .

========================================================================
Received Import Request.
  Time since last request: 0.000318 seconds.
  path: Assets/Textures/Checker.png
  artifactKey: Guid(8722a34905f488749bd277e9c485c895) Importer(815301076,1909f56bfc062723c751e8b465ee728b)
Start importing Assets/Textures/Checker.png using Guid(8722a34905f488749bd277e9c485c895) Importer(815301076,1909f56bfc062723c751e8b465ee728b)  -> (artifact id: '36c3646bfb3e2870a2ceb3a92e0a53d1') in 0.225083 seconds 
  Import took 0.296161 seconds .

========================================================================
Received Import Request.
  Time since last request: 0.001040 seconds.
  path: Assets/Prefabs/Explosion.prefab
  artifactKey: Guid(c0df82697f6c294458997cefcfd68250) Importer(815301076,1909f56bfc062723c751e8b465ee728b)
Start importing Assets/Prefabs/Explosion.prefab using Guid(c0df82697f6c294458997cefcfd68250) Importer(815301076,1909f56bfc062723c751e8b465ee728b)  -> (artifact id: '4101742b10e97d02d2596557e092f322') in 0.190397 seconds 
  Import took 0.212044 seconds .

========================================================================
Received Import Request.
  Time since last request: 0.000580 seconds.
  path: Assets/Materials/Floor.mat
  artifactKey: Guid(d9c1b4c536ef29045ba107e48b1dc54e) Importer(815301076,1909f56bfc062723c751e8b465ee728b)
Start importing Assets/Materials/Floor.mat using Guid(d9c1b4c536ef29045ba107e48b1dc54e) Importer(815301076,1909f56bfc062723c751e8b465ee728b)  -> (artifact id: '6ea64cb6022657ea704d3c6cd88125e5') in 0.101067 seconds 
  Import took 0.187739 seconds .

========================================================================
Received Import Request.
  Time since last request: 0.000515 seconds.
  path: Assets/Prefabs/Projectile.prefab
  artifactKey: Guid(4fcad48aac3fb964795ed8b4d871e188) Importer(815301076,1909f56bfc062723c751e8b465ee728b)
Start importing Assets/Prefabs/Projectile.prefab using Guid(4fcad48aac3fb964795ed8b4d871e188) Importer(815301076,1909f56bfc062723c751e8b465ee728b)  -> (artifact id: '9885dea82510d4d242aa23c1df2c8404') in 0.563528 seconds 
  Import took 0.596351 seconds .

========================================================================
Received Import Request.
  Time since last request: 0.000419 seconds.
  path: Assets/Materials/Projectile.mat
  artifactKey: Guid(63fe948de733e7b499cdd58a7a0e17da) Importer(815301076,1909f56bfc062723c751e8b465ee728b)
Start importing Assets/Materials/Projectile.mat using Guid(63fe948de733e7b499cdd58a7a0e17da) Importer(815301076,1909f56bfc062723c751e8b465ee728b)  -> (artifact id: '2bd78b54c60aa2d078df9c33b3d275d5') in 0.020421 seconds 
  Import took 0.025194 seconds .

========================================================================
Received Import Request.
  Time since last request: 0.000464 seconds.
  path: Assets/Textures/White Square.png
  artifactKey: Guid(4ddeb52d7523a244f9d9b2d6b90fde5d) Importer(815301076,1909f56bfc062723c751e8b465ee728b)
Start importing Assets/Textures/White Square.png using Guid(4ddeb52d7523a244f9d9b2d6b90fde5d) Importer(815301076,1909f56bfc062723c751e8b465ee728b)  -> (artifact id: '88c1d643c83784673b2d1a9f7d01ab0b') in 0.024561 seconds 
  Import took 0.029798 seconds .

========================================================================
Received Import Request.
  Time since last request: 0.000278 seconds.
  path: Assets/Materials/Robot.mat
  artifactKey: Guid(5b7808566d3acb5439832f58b7b9493e) Importer(815301076,1909f56bfc062723c751e8b465ee728b)
Start importing Assets/Materials/Robot.mat using Guid(5b7808566d3acb5439832f58b7b9493e) Importer(815301076,1909f56bfc062723c751e8b465ee728b)  -> (artifact id: '24ebc20e010ffb213cf9dc7aed2a41e9') in 0.042189 seconds 
  Import took 0.057638 seconds .

========================================================================
Received Import Request.
  Time since last request: 0.000283 seconds.
  path: Assets/Materials/Robot Wrecked.mat
  artifactKey: Guid(be4f483102018e94ea3eb65d6a564dbf) Importer(815301076,1909f56bfc062723c751e8b465ee728b)
Start importing Assets/Materials/Robot Wrecked.mat using Guid(be4f483102018e94ea3eb65d6a564dbf) Importer(815301076,1909f56bfc062723c751e8b465ee728b)  -> (artifact id: 'b1a8b5dc9f03686bbcd07292e27ff30a') in 0.042451 seconds 
  Import took 0.052869 seconds .

========================================================================
Received Import Request.
  Time since last request: 0.000297 seconds.
  path: Assets/Textures/Damaged Square.png
  artifactKey: Guid(7f3c85a8599f24541adcc3226576dbf1) Importer(815301076,1909f56bfc062723c751e8b465ee728b)
Start importing Assets/Textures/Damaged Square.png using Guid(7f3c85a8599f24541adcc3226576dbf1) Importer(815301076,1909f56bfc062723c751e8b465ee728b)  -> (artifact id: '76c8698fb73027776ecb1d2272db9eb9') in 0.014423 seconds 
  Import took 0.056294 seconds .

========================================================================
Received Import Request.
  Time since last request: 0.000358 seconds.
  path: Assets/Materials/Block.mat
  artifactKey: Guid(7fab5d6ef25ea5c4e8c7e7313567dc6a) Importer(815301076,1909f56bfc062723c751e8b465ee728b)
Start importing Assets/Materials/Block.mat using Guid(7fab5d6ef25ea5c4e8c7e7313567dc6a) Importer(815301076,1909f56bfc062723c751e8b465ee728b)  -> (artifact id: '9d2126eeede818e7371b8c358d04b5bf') in 0.056332 seconds 
  Import took 0.075629 seconds .

========================================================================
Received Import Request.
  Time since last request: 286.385001 seconds.
  path: Assets/Prefabs/Turret.prefab
  artifactKey: Guid(8e099f0dcf5affe468105faa2a26a668) Importer(815301076,1909f56bfc062723c751e8b465ee728b)
Start importing Assets/Prefabs/Turret.prefab using Guid(8e099f0dcf5affe468105faa2a26a668) Importer(815301076,1909f56bfc062723c751e8b465ee728b)  -> (artifact id: '2e01087c72cac5248c08eaa9812b3fa6') in 0.254838 seconds 
  Import took 0.261234 seconds .

========================================================================
Received Import Request.
  Time since last request: 247.318315 seconds.
  path: Assets/Scripts/Wall.cs
  artifactKey: Guid(9aa2d4d4ec5a04846a7e5da8b193bd37) Importer(815301076,1909f56bfc062723c751e8b465ee728b)
Start importing Assets/Scripts/Wall.cs using Guid(9aa2d4d4ec5a04846a7e5da8b193bd37) Importer(815301076,1909f56bfc062723c751e8b465ee728b)  -> (artifact id: 'd4371b5cf5715d36f5077511cda6cb5e') in 0.043393 seconds 
  Import took 0.061154 seconds .

========================================================================
Received Prepare
Registering precompiled user dll's ...
Registered in 0.034560 seconds.
Begin MonoManager ReloadAssembly
Native extension for WindowsStandalone target not found
Refreshing native plugins compatible for Editor in 0.42 ms, found 2 plugins.
Preloading 0 native plugins for Editor in 0.00 ms.
Mono: successfully reloaded assembly
- Completed reload, in  1.143 seconds
Domain Reload Profiling:
	ReloadAssembly (1145ms)
		BeginReloadAssembly (232ms)
			ExecutionOrderSort (0ms)
			DisableScriptedObjects (16ms)
			BackupInstance (0ms)
			ReleaseScriptingObjects (0ms)
			CreateAndSetChildDomain (105ms)
		EndReloadAssembly (843ms)
			LoadAssemblies (109ms)
			RebuildTransferFunctionScriptingTraits (0ms)
			SetupTypeCache (301ms)
			ReleaseScriptCaches (1ms)
			RebuildScriptCaches (41ms)
			SetupLoadedEditorAssemblies (279ms)
				LogAssemblyErrors (0ms)
				InitializePlatformSupportModulesInManaged (6ms)
				SetLoadedEditorAssemblies (1ms)
				RefreshPlugins (0ms)
				BeforeProcessingInitializeOnLoad (52ms)
				ProcessInitializeOnLoadAttributes (205ms)
				ProcessInitializeOnLoadMethodAttributes (9ms)
				AfterProcessingInitializeOnLoad (6ms)
				EditorAssembliesLoaded (0ms)
			ExecutionOrderSort2 (0ms)
			AwakeInstancesAfterBackupRestoration (8ms)
Platform modules already initialized, skipping
Refreshing native plugins compatible for Editor in 0.46 ms, found 2 plugins.
Preloading 0 native plugins for Editor in 0.00 ms.
Unloading 1500 Unused Serialized files (Serialized files now loaded: 0)
System memory in use before: 71.1 MB.
System memory in use after: 71.2 MB.

Unloading 16 unused Assets to reduce memory usage. Loaded Objects now: 1987.
Total: 23.522100 ms (FindLiveObjects: 2.018000 ms CreateObjectMapping: 0.150900 ms MarkObjects: 20.501400 ms  DeleteObjects: 0.848500 ms)

AssetImportParameters requested are different than current active one (requested -> active):
  custom:framework-win-MediaFoundation: 216162199b28c13a410421893ffa2e32 -> 
  custom:video-decoder-ogg-theora: a1e56fd34408186e4bbccfd4996cb3dc -> 
  custom:container-muxer-webm: aa71ff27fc2769a1b78a27578f13a17b -> 
  custom:container-demuxer-webm: 4f35f7cbe854078d1ac9338744f61a02 -> 
  custom:container-demuxer-ogg: 62fdf1f143b41e24485cea50d1cbac27 -> 
  custom:video-encoder-webm-vp8: eb34c28f22e8b96e1ab97ce403110664 -> 
  custom:video-decoder-webm-vp8: 9c59270c3fd7afecdb556c50c9e8de78 -> 
  custom:audio-decoder-ogg-vorbis: bf7c407c2cedff20999df2af8eb42d56 -> 
  custom:audio-encoder-webm-vorbis: bf7c407c2cedff20999df2af8eb42d56 -> 
========================================================================
Received Prepare
Registering precompiled user dll's ...
Registered in 0.015526 seconds.
Begin MonoManager ReloadAssembly
Native extension for WindowsStandalone target not found
Refreshing native plugins compatible for Editor in 0.44 ms, found 2 plugins.
Preloading 0 native plugins for Editor in 0.00 ms.
Mono: successfully reloaded assembly
- Completed reload, in  1.968 seconds
Domain Reload Profiling:
	ReloadAssembly (2016ms)
		BeginReloadAssembly (791ms)
			ExecutionOrderSort (0ms)
			DisableScriptedObjects (163ms)
			BackupInstance (0ms)
			ReleaseScriptingObjects (1ms)
			CreateAndSetChildDomain (382ms)
		EndReloadAssembly (1091ms)
			LoadAssemblies (158ms)
			RebuildTransferFunctionScriptingTraits (0ms)
			SetupTypeCache (353ms)
			ReleaseScriptCaches (1ms)
			RebuildScriptCaches (45ms)
			SetupLoadedEditorAssemblies (410ms)
				LogAssemblyErrors (0ms)
				InitializePlatformSupportModulesInManaged (7ms)
				SetLoadedEditorAssemblies (1ms)
				RefreshPlugins (1ms)
				BeforeProcessingInitializeOnLoad (59ms)
				ProcessInitializeOnLoadAttributes (326ms)
				ProcessInitializeOnLoadMethodAttributes (9ms)
				AfterProcessingInitializeOnLoad (6ms)
				EditorAssembliesLoaded (0ms)
			ExecutionOrderSort2 (0ms)
			AwakeInstancesAfterBackupRestoration (7ms)
Platform modules already initialized, skipping
Refreshing native plugins compatible for Editor in 0.52 ms, found 2 plugins.
Preloading 0 native plugins for Editor in 0.00 ms.
Unloading 1500 Unused Serialized files (Serialized files now loaded: 0)
System memory in use before: 71.1 MB.
System memory in use after: 71.3 MB.

Unloading 14 unused Assets to reduce memory usage. Loaded Objects now: 1989.
Total: 4.653700 ms (FindLiveObjects: 0.190300 ms CreateObjectMapping: 0.051000 ms MarkObjects: 4.313300 ms  DeleteObjects: 0.096200 ms)

AssetImportParameters requested are different than current active one (requested -> active):
  custom:framework-win-MediaFoundation: 216162199b28c13a410421893ffa2e32 -> 
  custom:video-decoder-ogg-theora: a1e56fd34408186e4bbccfd4996cb3dc -> 
  custom:container-muxer-webm: aa71ff27fc2769a1b78a27578f13a17b -> 
  custom:container-demuxer-webm: 4f35f7cbe854078d1ac9338744f61a02 -> 
  custom:container-demuxer-ogg: 62fdf1f143b41e24485cea50d1cbac27 -> 
  custom:video-encoder-webm-vp8: eb34c28f22e8b96e1ab97ce403110664 -> 
  custom:video-decoder-webm-vp8: 9c59270c3fd7afecdb556c50c9e8de78 -> 
  custom:audio-decoder-ogg-vorbis: bf7c407c2cedff20999df2af8eb42d56 -> 
  custom:audio-encoder-webm-vorbis: bf7c407c2cedff20999df2af8eb42d56 -> 
========================================================================
Received Import Request.
  Time since last request: 1397.127581 seconds.
  path: Assets/Materials/Turret.mat
  artifactKey: Guid(298d449cee174d445a9a7a3e2cc41bfa) Importer(815301076,1909f56bfc062723c751e8b465ee728b)
Start importing Assets/Materials/Turret.mat using Guid(298d449cee174d445a9a7a3e2cc41bfa) Importer(815301076,1909f56bfc062723c751e8b465ee728b)  -> (artifact id: '1525bf5d349bde0d18c1d593b92a98fe') in 0.252132 seconds 
  Import took 0.289874 seconds .

========================================================================
Received Prepare
Registering precompiled user dll's ...
Registered in 0.027807 seconds.
Begin MonoManager ReloadAssembly
Native extension for WindowsStandalone target not found
Refreshing native plugins compatible for Editor in 0.40 ms, found 2 plugins.
Preloading 0 native plugins for Editor in 0.00 ms.
Mono: successfully reloaded assembly
- Completed reload, in  1.129 seconds
Domain Reload Profiling:
	ReloadAssembly (1130ms)
		BeginReloadAssembly (137ms)
			ExecutionOrderSort (0ms)
			DisableScriptedObjects (4ms)
			BackupInstance (0ms)
			ReleaseScriptingObjects (0ms)
			CreateAndSetChildDomain (35ms)
		EndReloadAssembly (924ms)
			LoadAssemblies (97ms)
			RebuildTransferFunctionScriptingTraits (0ms)
			SetupTypeCache (322ms)
			ReleaseScriptCaches (1ms)
			RebuildScriptCaches (46ms)
			SetupLoadedEditorAssemblies (344ms)
				LogAssemblyErrors (0ms)
				InitializePlatformSupportModulesInManaged (7ms)
				SetLoadedEditorAssemblies (1ms)
				RefreshPlugins (0ms)
				BeforeProcessingInitializeOnLoad (55ms)
				ProcessInitializeOnLoadAttributes (256ms)
				ProcessInitializeOnLoadMethodAttributes (13ms)
				AfterProcessingInitializeOnLoad (10ms)
				EditorAssembliesLoaded (1ms)
			ExecutionOrderSort2 (0ms)
			AwakeInstancesAfterBackupRestoration (7ms)
Platform modules already initialized, skipping
Refreshing native plugins compatible for Editor in 0.39 ms, found 2 plugins.
Preloading 0 native plugins for Editor in 0.00 ms.
Unloading 1500 Unused Serialized files (Serialized files now loaded: 0)
System memory in use before: 71.2 MB.
System memory in use after: 71.3 MB.

Unloading 14 unused Assets to reduce memory usage. Loaded Objects now: 1992.
Total: 3.847800 ms (FindLiveObjects: 0.353800 ms CreateObjectMapping: 0.166600 ms MarkObjects: 3.305000 ms  DeleteObjects: 0.020000 ms)

AssetImportParameters requested are different than current active one (requested -> active):
  custom:framework-win-MediaFoundation: 216162199b28c13a410421893ffa2e32 -> 
  custom:video-decoder-ogg-theora: a1e56fd34408186e4bbccfd4996cb3dc -> 
  custom:container-muxer-webm: aa71ff27fc2769a1b78a27578f13a17b -> 
  custom:container-demuxer-webm: 4f35f7cbe854078d1ac9338744f61a02 -> 
  custom:container-demuxer-ogg: 62fdf1f143b41e24485cea50d1cbac27 -> 
  custom:video-encoder-webm-vp8: eb34c28f22e8b96e1ab97ce403110664 -> 
  custom:video-decoder-webm-vp8: 9c59270c3fd7afecdb556c50c9e8de78 -> 
  custom:audio-decoder-ogg-vorbis: bf7c407c2cedff20999df2af8eb42d56 -> 
  custom:audio-encoder-webm-vorbis: bf7c407c2cedff20999df2af8eb42d56 -> 
========================================================================
Received Import Request.
  Time since last request: 484.805943 seconds.
  path: Assets/Scripts/CircleFormation.cs
  artifactKey: Guid(63d17c358cb1fa747b17bdc94b423413) Importer(815301076,1909f56bfc062723c751e8b465ee728b)
Start importing Assets/Scripts/CircleFormation.cs using Guid(63d17c358cb1fa747b17bdc94b423413) Importer(815301076,1909f56bfc062723c751e8b465ee728b)  -> (artifact id: '9899d33cd245878f5050f80cf646e280') in 0.029426 seconds 
  Import took 0.064155 seconds .

========================================================================
Received Prepare
Registering precompiled user dll's ...
Registered in 0.021805 seconds.
Begin MonoManager ReloadAssembly
Native extension for WindowsStandalone target not found
Refreshing native plugins compatible for Editor in 0.56 ms, found 2 plugins.
Preloading 0 native plugins for Editor in 0.00 ms.
Mono: successfully reloaded assembly
- Completed reload, in  1.085 seconds
Domain Reload Profiling:
	ReloadAssembly (1086ms)
		BeginReloadAssembly (115ms)
			ExecutionOrderSort (0ms)
			DisableScriptedObjects (5ms)
			BackupInstance (0ms)
			ReleaseScriptingObjects (0ms)
			CreateAndSetChildDomain (34ms)
		EndReloadAssembly (888ms)
			LoadAssemblies (157ms)
			RebuildTransferFunctionScriptingTraits (0ms)
			SetupTypeCache (295ms)
			ReleaseScriptCaches (1ms)
			RebuildScriptCaches (43ms)
			SetupLoadedEditorAssemblies (283ms)
				LogAssemblyErrors (0ms)
				InitializePlatformSupportModulesInManaged (5ms)
				SetLoadedEditorAssemblies (1ms)
				RefreshPlugins (1ms)
				BeforeProcessingInitializeOnLoad (52ms)
				ProcessInitializeOnLoadAttributes (209ms)
				ProcessInitializeOnLoadMethodAttributes (10ms)
				AfterProcessingInitializeOnLoad (5ms)
				EditorAssembliesLoaded (0ms)
			ExecutionOrderSort2 (0ms)
			AwakeInstancesAfterBackupRestoration (8ms)
Platform modules already initialized, skipping
Refreshing native plugins compatible for Editor in 0.58 ms, found 2 plugins.
Preloading 0 native plugins for Editor in 0.00 ms.
Unloading 1500 Unused Serialized files (Serialized files now loaded: 0)
System memory in use before: 71.2 MB.
System memory in use after: 71.3 MB.

Unloading 14 unused Assets to reduce memory usage. Loaded Objects now: 1994.
Total: 3.375400 ms (FindLiveObjects: 0.180300 ms CreateObjectMapping: 0.062400 ms MarkObjects: 3.105600 ms  DeleteObjects: 0.025800 ms)

AssetImportParameters requested are different than current active one (requested -> active):
  custom:framework-win-MediaFoundation: 216162199b28c13a410421893ffa2e32 -> 
  custom:video-decoder-ogg-theora: a1e56fd34408186e4bbccfd4996cb3dc -> 
  custom:container-muxer-webm: aa71ff27fc2769a1b78a27578f13a17b -> 
  custom:container-demuxer-webm: 4f35f7cbe854078d1ac9338744f61a02 -> 
  custom:container-demuxer-ogg: 62fdf1f143b41e24485cea50d1cbac27 -> 
  custom:video-encoder-webm-vp8: eb34c28f22e8b96e1ab97ce403110664 -> 
  custom:video-decoder-webm-vp8: 9c59270c3fd7afecdb556c50c9e8de78 -> 
  custom:audio-decoder-ogg-vorbis: bf7c407c2cedff20999df2af8eb42d56 -> 
  custom:audio-encoder-webm-vorbis: bf7c407c2cedff20999df2af8eb42d56 -> 
========================================================================
Received Prepare
Registering precompiled user dll's ...
Registered in 0.002527 seconds.
Begin MonoManager ReloadAssembly
Native extension for WindowsStandalone target not found
Refreshing native plugins compatible for Editor in 0.41 ms, found 2 plugins.
Preloading 0 native plugins for Editor in 0.00 ms.
Mono: successfully reloaded assembly
- Completed reload, in  1.548 seconds
Domain Reload Profiling:
	ReloadAssembly (1549ms)
		BeginReloadAssembly (222ms)
			ExecutionOrderSort (0ms)
			DisableScriptedObjects (13ms)
			BackupInstance (0ms)
			ReleaseScriptingObjects (0ms)
			CreateAndSetChildDomain (72ms)
		EndReloadAssembly (1175ms)
			LoadAssemblies (183ms)
			RebuildTransferFunctionScriptingTraits (0ms)
			SetupTypeCache (593ms)
			ReleaseScriptCaches (1ms)
			RebuildScriptCaches (43ms)
			SetupLoadedEditorAssemblies (292ms)
				LogAssemblyErrors (0ms)
				InitializePlatformSupportModulesInManaged (5ms)
				SetLoadedEditorAssemblies (1ms)
				RefreshPlugins (0ms)
				BeforeProcessingInitializeOnLoad (55ms)
				ProcessInitializeOnLoadAttributes (215ms)
				ProcessInitializeOnLoadMethodAttributes (9ms)
				AfterProcessingInitializeOnLoad (6ms)
				EditorAssembliesLoaded (0ms)
			ExecutionOrderSort2 (0ms)
			AwakeInstancesAfterBackupRestoration (7ms)
Platform modules already initialized, skipping
Refreshing native plugins compatible for Editor in 0.36 ms, found 2 plugins.
Preloading 0 native plugins for Editor in 0.00 ms.
Unloading 1500 Unused Serialized files (Serialized files now loaded: 0)
System memory in use before: 71.2 MB.
System memory in use after: 71.3 MB.

Unloading 14 unused Assets to reduce memory usage. Loaded Objects now: 1996.
Total: 3.721400 ms (FindLiveObjects: 0.424600 ms CreateObjectMapping: 0.112900 ms MarkObjects: 3.155400 ms  DeleteObjects: 0.027000 ms)

AssetImportParameters requested are different than current active one (requested -> active):
  custom:framework-win-MediaFoundation: 216162199b28c13a410421893ffa2e32 -> 
  custom:video-decoder-ogg-theora: a1e56fd34408186e4bbccfd4996cb3dc -> 
  custom:container-muxer-webm: aa71ff27fc2769a1b78a27578f13a17b -> 
  custom:container-demuxer-webm: 4f35f7cbe854078d1ac9338744f61a02 -> 
  custom:container-demuxer-ogg: 62fdf1f143b41e24485cea50d1cbac27 -> 
  custom:video-encoder-webm-vp8: eb34c28f22e8b96e1ab97ce403110664 -> 
  custom:video-decoder-webm-vp8: 9c59270c3fd7afecdb556c50c9e8de78 -> 
  custom:audio-decoder-ogg-vorbis: bf7c407c2cedff20999df2af8eb42d56 -> 
  custom:audio-encoder-webm-vorbis: bf7c407c2cedff20999df2af8eb42d56 -> 
========================================================================
Received Prepare
Registering precompiled user dll's ...
Registered in 0.009728 seconds.
Begin MonoManager ReloadAssembly
Native extension for WindowsStandalone target not found
Refreshing native plugins compatible for Editor in 1.07 ms, found 2 plugins.
Preloading 0 native plugins for Editor in 0.00 ms.
Mono: successfully reloaded assembly
- Completed reload, in  2.807 seconds
Domain Reload Profiling:
	ReloadAssembly (2808ms)
		BeginReloadAssembly (194ms)
			ExecutionOrderSort (0ms)
			DisableScriptedObjects (11ms)
			BackupInstance (0ms)
			ReleaseScriptingObjects (0ms)
			CreateAndSetChildDomain (58ms)
		EndReloadAssembly (2484ms)
			LoadAssemblies (177ms)
			RebuildTransferFunctionScriptingTraits (0ms)
			SetupTypeCache (942ms)
			ReleaseScriptCaches (3ms)
			RebuildScriptCaches (199ms)
			SetupLoadedEditorAssemblies (650ms)
				LogAssemblyErrors (0ms)
				InitializePlatformSupportModulesInManaged (22ms)
				SetLoadedEditorAssemblies (13ms)
				RefreshPlugins (1ms)
				BeforeProcessingInitializeOnLoad (172ms)
				ProcessInitializeOnLoadAttributes (412ms)
				ProcessInitializeOnLoadMethodAttributes (18ms)
				AfterProcessingInitializeOnLoad (11ms)
				EditorAssembliesLoaded (1ms)
			ExecutionOrderSort2 (0ms)
			AwakeInstancesAfterBackupRestoration (14ms)
Platform modules already initialized, skipping
Refreshing native plugins compatible for Editor in 0.60 ms, found 2 plugins.
Preloading 0 native plugins for Editor in 0.00 ms.
Unloading 1500 Unused Serialized files (Serialized files now loaded: 0)
System memory in use before: 71.2 MB.
System memory in use after: 71.3 MB.

Unloading 14 unused Assets to reduce memory usage. Loaded Objects now: 1998.
Total: 4.740900 ms (FindLiveObjects: 0.548700 ms CreateObjectMapping: 0.148700 ms MarkObjects: 3.984500 ms  DeleteObjects: 0.056300 ms)

AssetImportParameters requested are different than current active one (requested -> active):
  custom:framework-win-MediaFoundation: 216162199b28c13a410421893ffa2e32 -> 
  custom:video-decoder-ogg-theora: a1e56fd34408186e4bbccfd4996cb3dc -> 
  custom:container-muxer-webm: aa71ff27fc2769a1b78a27578f13a17b -> 
  custom:container-demuxer-webm: 4f35f7cbe854078d1ac9338744f61a02 -> 
  custom:container-demuxer-ogg: 62fdf1f143b41e24485cea50d1cbac27 -> 
  custom:video-encoder-webm-vp8: eb34c28f22e8b96e1ab97ce403110664 -> 
  custom:video-decoder-webm-vp8: 9c59270c3fd7afecdb556c50c9e8de78 -> 
  custom:audio-decoder-ogg-vorbis: bf7c407c2cedff20999df2af8eb42d56 -> 
  custom:audio-encoder-webm-vorbis: bf7c407c2cedff20999df2af8eb42d56 -> 
========================================================================
Received Prepare
Registering precompiled user dll's ...
Registered in 0.003684 seconds.
Begin MonoManager ReloadAssembly
Native extension for WindowsStandalone target not found
Refreshing native plugins compatible for Editor in 0.62 ms, found 2 plugins.
Preloading 0 native plugins for Editor in 0.00 ms.
Mono: successfully reloaded assembly
- Completed reload, in  2.903 seconds
Domain Reload Profiling:
	ReloadAssembly (2904ms)
		BeginReloadAssembly (213ms)
			ExecutionOrderSort (0ms)
			DisableScriptedObjects (10ms)
			BackupInstance (0ms)
			ReleaseScriptingObjects (0ms)
			CreateAndSetChildDomain (61ms)
		EndReloadAssembly (2559ms)
			LoadAssemblies (200ms)
			RebuildTransferFunctionScriptingTraits (0ms)
			SetupTypeCache (906ms)
			ReleaseScriptCaches (1ms)
			RebuildScriptCaches (213ms)
			SetupLoadedEditorAssemblies (776ms)
				LogAssemblyErrors (0ms)
				InitializePlatformSupportModulesInManaged (29ms)
				SetLoadedEditorAssemblies (1ms)
				RefreshPlugins (1ms)
				BeforeProcessingInitializeOnLoad (205ms)
				ProcessInitializeOnLoadAttributes (510ms)
				ProcessInitializeOnLoadMethodAttributes (17ms)
				AfterProcessingInitializeOnLoad (12ms)
				EditorAssembliesLoaded (0ms)
			ExecutionOrderSort2 (0ms)
			AwakeInstancesAfterBackupRestoration (16ms)
Platform modules already initialized, skipping
Refreshing native plugins compatible for Editor in 0.71 ms, found 2 plugins.
Preloading 0 native plugins for Editor in 0.00 ms.
Unloading 1500 Unused Serialized files (Serialized files now loaded: 0)
System memory in use before: 71.2 MB.
System memory in use after: 71.3 MB.

Unloading 14 unused Assets to reduce memory usage. Loaded Objects now: 2000.
Total: 5.054000 ms (FindLiveObjects: 0.342600 ms CreateObjectMapping: 0.163600 ms MarkObjects: 4.522600 ms  DeleteObjects: 0.023300 ms)

AssetImportParameters requested are different than current active one (requested -> active):
  custom:framework-win-MediaFoundation: 216162199b28c13a410421893ffa2e32 -> 
  custom:video-decoder-ogg-theora: a1e56fd34408186e4bbccfd4996cb3dc -> 
  custom:container-muxer-webm: aa71ff27fc2769a1b78a27578f13a17b -> 
  custom:container-demuxer-webm: 4f35f7cbe854078d1ac9338744f61a02 -> 
  custom:container-demuxer-ogg: 62fdf1f143b41e24485cea50d1cbac27 -> 
  custom:video-encoder-webm-vp8: eb34c28f22e8b96e1ab97ce403110664 -> 
  custom:video-decoder-webm-vp8: 9c59270c3fd7afecdb556c50c9e8de78 -> 
  custom:audio-decoder-ogg-vorbis: bf7c407c2cedff20999df2af8eb42d56 -> 
  custom:audio-encoder-webm-vorbis: bf7c407c2cedff20999df2af8eb42d56 -> 
========================================================================
Received Prepare
Registering precompiled user dll's ...
Registered in 0.002537 seconds.
Begin MonoManager ReloadAssembly
Native extension for WindowsStandalone target not found
Refreshing native plugins compatible for Editor in 0.68 ms, found 2 plugins.
Preloading 0 native plugins for Editor in 0.00 ms.
Mono: successfully reloaded assembly
- Completed reload, in  1.305 seconds
Domain Reload Profiling:
	ReloadAssembly (1306ms)
		BeginReloadAssembly (171ms)
			ExecutionOrderSort (0ms)
			DisableScriptedObjects (5ms)
			BackupInstance (0ms)
			ReleaseScriptingObjects (0ms)
			CreateAndSetChildDomain (62ms)
		EndReloadAssembly (1033ms)
			LoadAssemblies (134ms)
			RebuildTransferFunctionScriptingTraits (0ms)
			SetupTypeCache (391ms)
			ReleaseScriptCaches (1ms)
			RebuildScriptCaches (54ms)
			SetupLoadedEditorAssemblies (329ms)
				LogAssemblyErrors (0ms)
				InitializePlatformSupportModulesInManaged (5ms)
				SetLoadedEditorAssemblies (1ms)
				RefreshPlugins (1ms)
				BeforeProcessingInitializeOnLoad (69ms)
				ProcessInitializeOnLoadAttributes (238ms)
				ProcessInitializeOnLoadMethodAttributes (9ms)
				AfterProcessingInitializeOnLoad (6ms)
				EditorAssembliesLoaded (0ms)
			ExecutionOrderSort2 (0ms)
			AwakeInstancesAfterBackupRestoration (8ms)
Platform modules already initialized, skipping
Refreshing native plugins compatible for Editor in 0.37 ms, found 2 plugins.
Preloading 0 native plugins for Editor in 0.00 ms.
Unloading 1500 Unused Serialized files (Serialized files now loaded: 0)
System memory in use before: 71.2 MB.
System memory in use after: 71.3 MB.

Unloading 14 unused Assets to reduce memory usage. Loaded Objects now: 2002.
Total: 4.392700 ms (FindLiveObjects: 0.300500 ms CreateObjectMapping: 0.073200 ms MarkObjects: 3.937800 ms  DeleteObjects: 0.078800 ms)

AssetImportParameters requested are different than current active one (requested -> active):
  custom:framework-win-MediaFoundation: 216162199b28c13a410421893ffa2e32 -> 
  custom:video-decoder-ogg-theora: a1e56fd34408186e4bbccfd4996cb3dc -> 
  custom:container-muxer-webm: aa71ff27fc2769a1b78a27578f13a17b -> 
  custom:container-demuxer-webm: 4f35f7cbe854078d1ac9338744f61a02 -> 
  custom:container-demuxer-ogg: 62fdf1f143b41e24485cea50d1cbac27 -> 
  custom:video-encoder-webm-vp8: eb34c28f22e8b96e1ab97ce403110664 -> 
  custom:video-decoder-webm-vp8: 9c59270c3fd7afecdb556c50c9e8de78 -> 
  custom:audio-decoder-ogg-vorbis: bf7c407c2cedff20999df2af8eb42d56 -> 
  custom:audio-encoder-webm-vorbis: bf7c407c2cedff20999df2af8eb42d56 -> 
========================================================================
Received Prepare
Registering precompiled user dll's ...
Registered in 0.006225 seconds.
Begin MonoManager ReloadAssembly
Native extension for WindowsStandalone target not found
Refreshing native plugins compatible for Editor in 0.45 ms, found 2 plugins.
Preloading 0 native plugins for Editor in 0.00 ms.
Mono: successfully reloaded assembly
- Completed reload, in  2.686 seconds
Domain Reload Profiling:
	ReloadAssembly (2687ms)
		BeginReloadAssembly (218ms)
			ExecutionOrderSort (0ms)
			DisableScriptedObjects (10ms)
			BackupInstance (0ms)
			ReleaseScriptingObjects (0ms)
			CreateAndSetChildDomain (59ms)
		EndReloadAssembly (2347ms)
			LoadAssemblies (189ms)
			RebuildTransferFunctionScriptingTraits (0ms)
			SetupTypeCache (591ms)
			ReleaseScriptCaches (1ms)
			RebuildScriptCaches (80ms)
			SetupLoadedEditorAssemblies (1092ms)
				LogAssemblyErrors (0ms)
				InitializePlatformSupportModulesInManaged (25ms)
				SetLoadedEditorAssemblies (1ms)
				RefreshPlugins (1ms)
				BeforeProcessingInitializeOnLoad (180ms)
				ProcessInitializeOnLoadAttributes (820ms)
				ProcessInitializeOnLoadMethodAttributes (45ms)
				AfterProcessingInitializeOnLoad (20ms)
				EditorAssembliesLoaded (0ms)
			ExecutionOrderSort2 (0ms)
			AwakeInstancesAfterBackupRestoration (42ms)
Platform modules already initialized, skipping
Refreshing native plugins compatible for Editor in 0.60 ms, found 2 plugins.
Preloading 0 native plugins for Editor in 0.00 ms.
Unloading 1500 Unused Serialized files (Serialized files now loaded: 0)
System memory in use before: 71.2 MB.
System memory in use after: 71.3 MB.

Unloading 14 unused Assets to reduce memory usage. Loaded Objects now: 2004.
Total: 4.488700 ms (FindLiveObjects: 0.215600 ms CreateObjectMapping: 0.061800 ms MarkObjects: 4.135300 ms  DeleteObjects: 0.073800 ms)

AssetImportParameters requested are different than current active one (requested -> active):
  custom:framework-win-MediaFoundation: 216162199b28c13a410421893ffa2e32 -> 
  custom:video-decoder-ogg-theora: a1e56fd34408186e4bbccfd4996cb3dc -> 
  custom:container-muxer-webm: aa71ff27fc2769a1b78a27578f13a17b -> 
  custom:container-demuxer-webm: 4f35f7cbe854078d1ac9338744f61a02 -> 
  custom:container-demuxer-ogg: 62fdf1f143b41e24485cea50d1cbac27 -> 
  custom:video-encoder-webm-vp8: eb34c28f22e8b96e1ab97ce403110664 -> 
  custom:video-decoder-webm-vp8: 9c59270c3fd7afecdb556c50c9e8de78 -> 
  custom:audio-decoder-ogg-vorbis: bf7c407c2cedff20999df2af8eb42d56 -> 
  custom:audio-encoder-webm-vorbis: bf7c407c2cedff20999df2af8eb42d56 -> 
========================================================================
Received Prepare
Registering precompiled user dll's ...
Registered in 0.020971 seconds.
Begin MonoManager ReloadAssembly
Native extension for WindowsStandalone target not found
Refreshing native plugins compatible for Editor in 0.63 ms, found 2 plugins.
Preloading 0 native plugins for Editor in 0.00 ms.
Mono: successfully reloaded assembly
- Completed reload, in  0.997 seconds
Domain Reload Profiling:
	ReloadAssembly (998ms)
		BeginReloadAssembly (114ms)
			ExecutionOrderSort (0ms)
			DisableScriptedObjects (7ms)
			BackupInstance (0ms)
			ReleaseScriptingObjects (0ms)
			CreateAndSetChildDomain (33ms)
		EndReloadAssembly (817ms)
			LoadAssemblies (85ms)
			RebuildTransferFunctionScriptingTraits (0ms)
			SetupTypeCache (293ms)
			ReleaseScriptCaches (1ms)
			RebuildScriptCaches (51ms)
			SetupLoadedEditorAssemblies (281ms)
				LogAssemblyErrors (0ms)
				InitializePlatformSupportModulesInManaged (5ms)
				SetLoadedEditorAssemblies (1ms)
				RefreshPlugins (1ms)
				BeforeProcessingInitializeOnLoad (51ms)
				ProcessInitializeOnLoadAttributes (209ms)
				ProcessInitializeOnLoadMethodAttributes (10ms)
				AfterProcessingInitializeOnLoad (5ms)
				EditorAssembliesLoaded (0ms)
			ExecutionOrderSort2 (0ms)
			AwakeInstancesAfterBackupRestoration (8ms)
Platform modules already initialized, skipping
Refreshing native plugins compatible for Editor in 0.37 ms, found 2 plugins.
Preloading 0 native plugins for Editor in 0.00 ms.
Unloading 1500 Unused Serialized files (Serialized files now loaded: 0)
System memory in use before: 71.2 MB.
System memory in use after: 71.3 MB.

Unloading 14 unused Assets to reduce memory usage. Loaded Objects now: 2006.
Total: 3.089900 ms (FindLiveObjects: 0.187300 ms CreateObjectMapping: 0.045600 ms MarkObjects: 2.835800 ms  DeleteObjects: 0.019900 ms)

AssetImportParameters requested are different than current active one (requested -> active):
  custom:framework-win-MediaFoundation: 216162199b28c13a410421893ffa2e32 -> 
  custom:video-decoder-ogg-theora: a1e56fd34408186e4bbccfd4996cb3dc -> 
  custom:container-muxer-webm: aa71ff27fc2769a1b78a27578f13a17b -> 
  custom:container-demuxer-webm: 4f35f7cbe854078d1ac9338744f61a02 -> 
  custom:container-demuxer-ogg: 62fdf1f143b41e24485cea50d1cbac27 -> 
  custom:video-encoder-webm-vp8: eb34c28f22e8b96e1ab97ce403110664 -> 
  custom:video-decoder-webm-vp8: 9c59270c3fd7afecdb556c50c9e8de78 -> 
  custom:audio-decoder-ogg-vorbis: bf7c407c2cedff20999df2af8eb42d56 -> 
  custom:audio-encoder-webm-vorbis: bf7c407c2cedff20999df2af8eb42d56 -> 
========================================================================
Received Prepare
Registering precompiled user dll's ...
Registered in 0.002861 seconds.
Begin MonoManager ReloadAssembly
Native extension for WindowsStandalone target not found
Refreshing native plugins compatible for Editor in 0.48 ms, found 2 plugins.
Preloading 0 native plugins for Editor in 0.00 ms.
Mono: successfully reloaded assembly
- Completed reload, in  1.071 seconds
Domain Reload Profiling:
	ReloadAssembly (1071ms)
		BeginReloadAssembly (115ms)
			ExecutionOrderSort (0ms)
			DisableScriptedObjects (7ms)
			BackupInstance (0ms)
			ReleaseScriptingObjects (0ms)
			CreateAndSetChildDomain (32ms)
		EndReloadAssembly (888ms)
			LoadAssemblies (89ms)
			RebuildTransferFunctionScriptingTraits (0ms)
			SetupTypeCache (291ms)
			ReleaseScriptCaches (1ms)
			RebuildScriptCaches (43ms)
			SetupLoadedEditorAssemblies (334ms)
				LogAssemblyErrors (0ms)
				InitializePlatformSupportModulesInManaged (8ms)
				SetLoadedEditorAssemblies (1ms)
				RefreshPlugins (1ms)
				BeforeProcessingInitializeOnLoad (53ms)
				ProcessInitializeOnLoadAttributes (253ms)
				ProcessInitializeOnLoadMethodAttributes (13ms)
				AfterProcessingInitializeOnLoad (5ms)
				EditorAssembliesLoaded (0ms)
			ExecutionOrderSort2 (0ms)
			AwakeInstancesAfterBackupRestoration (11ms)
Platform modules already initialized, skipping
Refreshing native plugins compatible for Editor in 1.15 ms, found 2 plugins.
Preloading 0 native plugins for Editor in 0.00 ms.
Unloading 1500 Unused Serialized files (Serialized files now loaded: 0)
System memory in use before: 71.2 MB.
System memory in use after: 71.3 MB.

Unloading 14 unused Assets to reduce memory usage. Loaded Objects now: 2008.
Total: 2.792700 ms (FindLiveObjects: 0.185100 ms CreateObjectMapping: 0.054300 ms MarkObjects: 2.533000 ms  DeleteObjects: 0.019100 ms)

AssetImportParameters requested are different than current active one (requested -> active):
  custom:framework-win-MediaFoundation: 216162199b28c13a410421893ffa2e32 -> 
  custom:video-decoder-ogg-theora: a1e56fd34408186e4bbccfd4996cb3dc -> 
  custom:container-muxer-webm: aa71ff27fc2769a1b78a27578f13a17b -> 
  custom:container-demuxer-webm: 4f35f7cbe854078d1ac9338744f61a02 -> 
  custom:container-demuxer-ogg: 62fdf1f143b41e24485cea50d1cbac27 -> 
  custom:video-encoder-webm-vp8: eb34c28f22e8b96e1ab97ce403110664 -> 
  custom:video-decoder-webm-vp8: 9c59270c3fd7afecdb556c50c9e8de78 -> 
  custom:audio-decoder-ogg-vorbis: bf7c407c2cedff20999df2af8eb42d56 -> 
  custom:audio-encoder-webm-vorbis: bf7c407c2cedff20999df2af8eb42d56 -> 
========================================================================
Received Prepare
Registering precompiled user dll's ...
Registered in 0.050009 seconds.
Begin MonoManager ReloadAssembly
Native extension for WindowsStandalone target not found
Refreshing native plugins compatible for Editor in 0.35 ms, found 2 plugins.
Preloading 0 native plugins for Editor in 0.00 ms.
Mono: successfully reloaded assembly
- Completed reload, in  1.040 seconds
Domain Reload Profiling:
	ReloadAssembly (1041ms)
		BeginReloadAssembly (124ms)
			ExecutionOrderSort (0ms)
			DisableScriptedObjects (5ms)
			BackupInstance (0ms)
			ReleaseScriptingObjects (0ms)
			CreateAndSetChildDomain (44ms)
		EndReloadAssembly (850ms)
			LoadAssemblies (90ms)
			RebuildTransferFunctionScriptingTraits (0ms)
			SetupTypeCache (292ms)
			ReleaseScriptCaches (1ms)
			RebuildScriptCaches (42ms)
			SetupLoadedEditorAssemblies (304ms)
				LogAssemblyErrors (0ms)
				InitializePlatformSupportModulesInManaged (6ms)
				SetLoadedEditorAssemblies (1ms)
				RefreshPlugins (0ms)
				BeforeProcessingInitializeOnLoad (54ms)
				ProcessInitializeOnLoadAttributes (228ms)
				ProcessInitializeOnLoadMethodAttributes (9ms)
				AfterProcessingInitializeOnLoad (6ms)
				EditorAssembliesLoaded (0ms)
			ExecutionOrderSort2 (0ms)
			AwakeInstancesAfterBackupRestoration (7ms)
Platform modules already initialized, skipping
Refreshing native plugins compatible for Editor in 0.54 ms, found 2 plugins.
Preloading 0 native plugins for Editor in 0.00 ms.
Unloading 1500 Unused Serialized files (Serialized files now loaded: 0)
System memory in use before: 71.2 MB.
System memory in use after: 71.3 MB.

Unloading 14 unused Assets to reduce memory usage. Loaded Objects now: 2010.
Total: 3.881600 ms (FindLiveObjects: 0.219300 ms CreateObjectMapping: 0.063800 ms MarkObjects: 3.574300 ms  DeleteObjects: 0.022800 ms)

AssetImportParameters requested are different than current active one (requested -> active):
  custom:framework-win-MediaFoundation: 216162199b28c13a410421893ffa2e32 -> 
  custom:video-decoder-ogg-theora: a1e56fd34408186e4bbccfd4996cb3dc -> 
  custom:container-muxer-webm: aa71ff27fc2769a1b78a27578f13a17b -> 
  custom:container-demuxer-webm: 4f35f7cbe854078d1ac9338744f61a02 -> 
  custom:container-demuxer-ogg: 62fdf1f143b41e24485cea50d1cbac27 -> 
  custom:video-encoder-webm-vp8: eb34c28f22e8b96e1ab97ce403110664 -> 
  custom:video-decoder-webm-vp8: 9c59270c3fd7afecdb556c50c9e8de78 -> 
  custom:audio-decoder-ogg-vorbis: bf7c407c2cedff20999df2af8eb42d56 -> 
  custom:audio-encoder-webm-vorbis: bf7c407c2cedff20999df2af8eb42d56 -> 
========================================================================
Received Prepare
Registering precompiled user dll's ...
Registered in 0.027430 seconds.
Begin MonoManager ReloadAssembly
Native extension for WindowsStandalone target not found
Refreshing native plugins compatible for Editor in 0.53 ms, found 2 plugins.
Preloading 0 native plugins for Editor in 0.00 ms.
Mono: successfully reloaded assembly
- Completed reload, in  1.060 seconds
Domain Reload Profiling:
	ReloadAssembly (1060ms)
		BeginReloadAssembly (180ms)
			ExecutionOrderSort (0ms)
			DisableScriptedObjects (8ms)
			BackupInstance (0ms)
			ReleaseScriptingObjects (0ms)
			CreateAndSetChildDomain (39ms)
		EndReloadAssembly (816ms)
			LoadAssemblies (142ms)
			RebuildTransferFunctionScriptingTraits (0ms)
			SetupTypeCache (294ms)
			ReleaseScriptCaches (1ms)
			RebuildScriptCaches (41ms)
			SetupLoadedEditorAssemblies (285ms)
				LogAssemblyErrors (0ms)
				InitializePlatformSupportModulesInManaged (5ms)
				SetLoadedEditorAssemblies (1ms)
				RefreshPlugins (1ms)
				BeforeProcessingInitializeOnLoad (52ms)
				ProcessInitializeOnLoadAttributes (212ms)
				ProcessInitializeOnLoadMethodAttributes (10ms)
				AfterProcessingInitializeOnLoad (5ms)
				EditorAssembliesLoaded (0ms)
			ExecutionOrderSort2 (0ms)
			AwakeInstancesAfterBackupRestoration (9ms)
Platform modules already initialized, skipping
Refreshing native plugins compatible for Editor in 0.69 ms, found 2 plugins.
Preloading 0 native plugins for Editor in 0.00 ms.
Unloading 1500 Unused Serialized files (Serialized files now loaded: 0)
System memory in use before: 71.2 MB.
System memory in use after: 71.3 MB.

Unloading 14 unused Assets to reduce memory usage. Loaded Objects now: 2012.
Total: 4.476100 ms (FindLiveObjects: 0.261700 ms CreateObjectMapping: 0.088900 ms MarkObjects: 4.096000 ms  DeleteObjects: 0.027900 ms)

AssetImportParameters requested are different than current active one (requested -> active):
  custom:framework-win-MediaFoundation: 216162199b28c13a410421893ffa2e32 -> 
  custom:video-decoder-ogg-theora: a1e56fd34408186e4bbccfd4996cb3dc -> 
  custom:container-muxer-webm: aa71ff27fc2769a1b78a27578f13a17b -> 
  custom:container-demuxer-webm: 4f35f7cbe854078d1ac9338744f61a02 -> 
  custom:container-demuxer-ogg: 62fdf1f143b41e24485cea50d1cbac27 -> 
  custom:video-encoder-webm-vp8: eb34c28f22e8b96e1ab97ce403110664 -> 
  custom:video-decoder-webm-vp8: 9c59270c3fd7afecdb556c50c9e8de78 -> 
  custom:audio-decoder-ogg-vorbis: bf7c407c2cedff20999df2af8eb42d56 -> 
  custom:audio-encoder-webm-vorbis: bf7c407c2cedff20999df2af8eb42d56 -> 
========================================================================
Received Import Request.
  Time since last request: 2814.186711 seconds.
  path: Assets/New myModelFolder
  artifactKey: Guid(9bd1cc2fb5181bd43b845ed501923424) Importer(815301076,1909f56bfc062723c751e8b465ee728b)
Start importing Assets/New myModelFolder using Guid(9bd1cc2fb5181bd43b845ed501923424) Importer(815301076,1909f56bfc062723c751e8b465ee728b)  -> (artifact id: '29ced0d202b5791ef08f50a9778c622b') in 0.091755 seconds 
  Import took 0.113123 seconds .

========================================================================
Received Import Request.
  Time since last request: 27.418616 seconds.
  path: Assets/myModelFolder
  artifactKey: Guid(9bd1cc2fb5181bd43b845ed501923424) Importer(815301076,1909f56bfc062723c751e8b465ee728b)
Start importing Assets/myModelFolder using Guid(9bd1cc2fb5181bd43b845ed501923424) Importer(815301076,1909f56bfc062723c751e8b465ee728b)  -> (artifact id: '6a0b9b272eec05986cd55164bcb305d3') in 0.043861 seconds 
  Import took 0.110771 seconds .

========================================================================
Received Import Request.
  Time since last request: 9.236717 seconds.
  path: Assets/myModel
  artifactKey: Guid(9bd1cc2fb5181bd43b845ed501923424) Importer(815301076,1909f56bfc062723c751e8b465ee728b)
Start importing Assets/myModel using Guid(9bd1cc2fb5181bd43b845ed501923424) Importer(815301076,1909f56bfc062723c751e8b465ee728b)  -> (artifact id: '568ce641853e82e62415faaa50074e44') in 0.045346 seconds 
  Import took 0.065306 seconds .

========================================================================
Received Import Request.
  Time since last request: 49.392860 seconds.
  path: Assets/myModel/xbot@Death.fbx
  artifactKey: Guid(f64ea70732b4ba84a9cdbc787980ef62) Importer(815301076,1909f56bfc062723c751e8b465ee728b)
Start importing Assets/myModel/xbot@Death.fbx using Guid(f64ea70732b4ba84a9cdbc787980ef62) Importer(815301076,1909f56bfc062723c751e8b465ee728b)  -> (artifact id: '5bad1f6e945e43e80e80bcf07f5e53f7') in 0.853041 seconds 
  Import took 0.874492 seconds .

========================================================================
Received Import Request.
  Time since last request: 0.000212 seconds.
  path: Assets/myModel/xbot@Defeated.fbx
  artifactKey: Guid(301959d1c60b7e54e8844046d6becc1f) Importer(815301076,1909f56bfc062723c751e8b465ee728b)
Start importing Assets/myModel/xbot@Defeated.fbx using Guid(301959d1c60b7e54e8844046d6becc1f) Importer(815301076,1909f56bfc062723c751e8b465ee728b)  -> (artifact id: 'bdc95382fa98c6a389fad85b202c0b98') in 0.098796 seconds 
  Import took 0.115696 seconds .

========================================================================
Received Import Request.
  Time since last request: 65.370584 seconds.
  path: Assets/myModel/materials
  artifactKey: Guid(c2926b77679d6ec459b78e82f496b32e) Importer(815301076,1909f56bfc062723c751e8b465ee728b)
Start importing Assets/myModel/materials using Guid(c2926b77679d6ec459b78e82f496b32e) Importer(815301076,1909f56bfc062723c751e8b465ee728b)  -> (artifact id: '35a799209ba4d0eaf1e9ffe7962af3db') in 0.032792 seconds 
  Import took 0.058675 seconds .

========================================================================
Received Import Request.
  Time since last request: 35.520666 seconds.
  path: Assets/myModel/texture
  artifactKey: Guid(6ae58cbf44a0fc74aa44daf99c873ff8) Importer(815301076,1909f56bfc062723c751e8b465ee728b)
Start importing Assets/myModel/texture using Guid(6ae58cbf44a0fc74aa44daf99c873ff8) Importer(815301076,1909f56bfc062723c751e8b465ee728b)  -> (artifact id: 'cc402cb5fb2404e5fa74d6a7b727518c') in 0.032276 seconds 
  Import took 0.047368 seconds .

========================================================================
Received Import Request.
  Time since last request: 8.473864 seconds.
  path: Assets/myModel/material
  artifactKey: Guid(c2926b77679d6ec459b78e82f496b32e) Importer(815301076,1909f56bfc062723c751e8b465ee728b)
Start importing Assets/myModel/material using Guid(c2926b77679d6ec459b78e82f496b32e) Importer(815301076,1909f56bfc062723c751e8b465ee728b)  -> (artifact id: '595f60d35e3f38ccaff1ce8cc15154ae') in 0.057859 seconds 
  Import took 0.083545 seconds .

========================================================================
Received Import Request.
  Time since last request: 65.560364 seconds.
  path: Assets/myModel/xbot@Death.fbx
  artifactKey: Guid(f64ea70732b4ba84a9cdbc787980ef62) Importer(815301076,1909f56bfc062723c751e8b465ee728b)
Start importing Assets/myModel/xbot@Death.fbx using Guid(f64ea70732b4ba84a9cdbc787980ef62) Importer(815301076,1909f56bfc062723c751e8b465ee728b)  -> (artifact id: '45de0862f1ee081af7c95a9f893e0707') in 0.123375 seconds 
  Import took 0.139434 seconds .

========================================================================
Received Import Request.
  Time since last request: 15.129864 seconds.
  path: Assets/myModel/xbot@Defeated.fbx
  artifactKey: Guid(301959d1c60b7e54e8844046d6becc1f) Importer(815301076,1909f56bfc062723c751e8b465ee728b)
Start importing Assets/myModel/xbot@Defeated.fbx using Guid(301959d1c60b7e54e8844046d6becc1f) Importer(815301076,1909f56bfc062723c751e8b465ee728b)  -> (artifact id: '9323a98b8b61d96d1de3f2a6bc6e80f2') in 0.086304 seconds 
  Import took 0.103108 seconds .

========================================================================
Received Import Request.
  Time since last request: 67.405306 seconds.
  path: Assets/myModel/xbot@Defeated.fbx
  artifactKey: Guid(301959d1c60b7e54e8844046d6becc1f) Importer(815301076,1909f56bfc062723c751e8b465ee728b)
Start importing Assets/myModel/xbot@Defeated.fbx using Guid(301959d1c60b7e54e8844046d6becc1f) Importer(815301076,1909f56bfc062723c751e8b465ee728b)  -> (artifact id: 'b95a9667af8e8dcb0a3aa409c812b0e4') in 0.128933 seconds 
  Import took 0.145566 seconds .

========================================================================
Received Import Request.
  Time since last request: 107.418392 seconds.
  path: Assets/myModel/xbot@Death.fbx
  artifactKey: Guid(f64ea70732b4ba84a9cdbc787980ef62) Importer(815301076,1909f56bfc062723c751e8b465ee728b)
Start importing Assets/myModel/xbot@Death.fbx using Guid(f64ea70732b4ba84a9cdbc787980ef62) Importer(815301076,1909f56bfc062723c751e8b465ee728b)  -> (artifact id: '5f73d75f277ed64ff667652d4a58f8ab') in 0.120465 seconds 
  Import took 0.179214 seconds .

========================================================================
Received Import Request.
  Time since last request: 20.873783 seconds.
  path: Assets/myModel/xbot@Death.fbx
  artifactKey: Guid(f64ea70732b4ba84a9cdbc787980ef62) Importer(815301076,1909f56bfc062723c751e8b465ee728b)
Start importing Assets/myModel/xbot@Death.fbx using Guid(f64ea70732b4ba84a9cdbc787980ef62) Importer(815301076,1909f56bfc062723c751e8b465ee728b)  -> (artifact id: '7800862f8ba1da36af858bdffb3fc035') in 0.099454 seconds 
  Import took 0.133213 seconds .

========================================================================
Received Import Request.
  Time since last request: 75.204830 seconds.
  path: Assets/myModel/xbot@Defeated.fbx
  artifactKey: Guid(301959d1c60b7e54e8844046d6becc1f) Importer(815301076,1909f56bfc062723c751e8b465ee728b)
Start importing Assets/myModel/xbot@Defeated.fbx using Guid(301959d1c60b7e54e8844046d6becc1f) Importer(815301076,1909f56bfc062723c751e8b465ee728b)  -> (artifact id: 'd1fe2a2e09be266724a343e8317eda56') in 0.150983 seconds 
  Import took 0.217642 seconds .

========================================================================
Received Import Request.
  Time since last request: 16.826556 seconds.
  path: Assets/myModel/material/Beta_Joints_MAT.mat
  artifactKey: Guid(9c860dac3f4c3394eac2f22447493484) Importer(815301076,1909f56bfc062723c751e8b465ee728b)
Start importing Assets/myModel/material/Beta_Joints_MAT.mat using Guid(9c860dac3f4c3394eac2f22447493484) Importer(815301076,1909f56bfc062723c751e8b465ee728b)  -> (artifact id: '50b6c6e23869255aa0497c90af65ec42') in 0.058980 seconds 
  Import took 0.158257 seconds .

========================================================================
Received Import Request.
  Time since last request: 0.000208 seconds.
  path: Assets/myModel/Materials/Beta_Joints_MAT.mat
  artifactKey: Guid(3551958cad5bbb642b90a56395cb6669) Importer(815301076,1909f56bfc062723c751e8b465ee728b)
Start importing Assets/myModel/Materials/Beta_Joints_MAT.mat using Guid(3551958cad5bbb642b90a56395cb6669) Importer(815301076,1909f56bfc062723c751e8b465ee728b)  -> (artifact id: 'e3385ad7f77b867ab3d955a6c8ff86f1') in 0.038544 seconds 
  Import took 0.072938 seconds .

========================================================================
Received Import Request.
  Time since last request: 0.000314 seconds.
  path: Assets/myModel/material/Beta_Joints_MAT 1.mat
  artifactKey: Guid(da9a4a5d1ba43af45ac7691302016f92) Importer(815301076,1909f56bfc062723c751e8b465ee728b)
Start importing Assets/myModel/material/Beta_Joints_MAT 1.mat using Guid(da9a4a5d1ba43af45ac7691302016f92) Importer(815301076,1909f56bfc062723c751e8b465ee728b)  -> (artifact id: '0a5c3f9b386bdd8e06f11e38fddf4107') in 0.054946 seconds 
  Import took 0.085216 seconds .

========================================================================
Received Import Request.
  Time since last request: 0.000262 seconds.
  path: Assets/Materials/Projectile.mat
  artifactKey: Guid(63fe948de733e7b499cdd58a7a0e17da) Importer(815301076,1909f56bfc062723c751e8b465ee728b)
Start importing Assets/Materials/Projectile.mat using Guid(63fe948de733e7b499cdd58a7a0e17da) Importer(815301076,1909f56bfc062723c751e8b465ee728b)  -> (artifact id: '6f752a54c308b0a47bbe7cb3d4dd0b1e') in 0.032871 seconds 
  Import took 0.053018 seconds .

========================================================================
Received Import Request.
  Time since last request: 0.000437 seconds.
  path: Assets/Materials/Block.mat
  artifactKey: Guid(7fab5d6ef25ea5c4e8c7e7313567dc6a) Importer(815301076,1909f56bfc062723c751e8b465ee728b)
Start importing Assets/Materials/Block.mat using Guid(7fab5d6ef25ea5c4e8c7e7313567dc6a) Importer(815301076,1909f56bfc062723c751e8b465ee728b)  -> (artifact id: '934e9a3de877150d38b1c12db711f918') in 0.012529 seconds 
  Import took 0.024193 seconds .

========================================================================
Received Import Request.
  Time since last request: 1.054680 seconds.
  path: Assets/myModel/material/asdf1_Beta_HighLimbsGeoSG2 1.mat
  artifactKey: Guid(e144eee59f399f94688531e1ec714308) Importer(815301076,1909f56bfc062723c751e8b465ee728b)
Start importing Assets/myModel/material/asdf1_Beta_HighLimbsGeoSG2 1.mat using Guid(e144eee59f399f94688531e1ec714308) Importer(815301076,1909f56bfc062723c751e8b465ee728b)  -> (artifact id: '2d36fafbfa245a2189adb97f34c370b1') in 0.054340 seconds 
  Import took 0.173349 seconds .

========================================================================
Received Import Request.
  Time since last request: 0.000208 seconds.
  path: Assets/myModel/material/asdf1_Beta_HighLimbsGeoSG2.mat
  artifactKey: Guid(fcf4a41097aadfc43bbe3e67c55c97b3) Importer(815301076,1909f56bfc062723c751e8b465ee728b)
Start importing Assets/myModel/material/asdf1_Beta_HighLimbsGeoSG2.mat using Guid(fcf4a41097aadfc43bbe3e67c55c97b3) Importer(815301076,1909f56bfc062723c751e8b465ee728b)  -> (artifact id: 'ebaed0d8663100df4fa026cf63ff8450') in 0.049264 seconds 
  Import took 0.067471 seconds .

========================================================================
Received Import Request.
  Time since last request: 90.894106 seconds.
  path: Assets/myModel/Materials
  artifactKey: Guid(f2dcbd9a9029c1547b307815969230b2) Importer(815301076,1909f56bfc062723c751e8b465ee728b)
Start importing Assets/myModel/Materials using Guid(f2dcbd9a9029c1547b307815969230b2) Importer(815301076,1909f56bfc062723c751e8b465ee728b)  -> (artifact id: '8049e91f1ce592da8d06354d3cb53900') in 0.047367 seconds 
  Import took 0.072489 seconds .

========================================================================
Received Import Request.
  Time since last request: 4.164823 seconds.
  path: Assets/myModel/Materials/asdf1_Beta_HighLimbsGeoSG2.mat
  artifactKey: Guid(0c32f01796bdf8942bf8e516641f1f32) Importer(815301076,1909f56bfc062723c751e8b465ee728b)
Start importing Assets/myModel/Materials/asdf1_Beta_HighLimbsGeoSG2.mat using Guid(0c32f01796bdf8942bf8e516641f1f32) Importer(815301076,1909f56bfc062723c751e8b465ee728b)  -> (artifact id: '8b55de4c2fd6f5f2debee371c7fc58a6') in 0.018205 seconds 
  Import took 0.039593 seconds .

========================================================================
Received Import Request.
  Time since last request: 285.906300 seconds.
  path: Assets/myModel/Def.controller
  artifactKey: Guid(55d8e285941d44d42aa49b1abaab506a) Importer(815301076,1909f56bfc062723c751e8b465ee728b)
Start importing Assets/myModel/Def.controller using Guid(55d8e285941d44d42aa49b1abaab506a) Importer(815301076,1909f56bfc062723c751e8b465ee728b)  -> (artifact id: '1575f3ce881cf72901bc3b2269147121') in 0.071328 seconds 
  Import took 0.075445 seconds .

========================================================================
Received Import Request.
  Time since last request: 30.680376 seconds.
  path: Assets/myModel/Dead.controller
  artifactKey: Guid(aaa3f148e1d014b43bcc098436a5a87b) Importer(815301076,1909f56bfc062723c751e8b465ee728b)
Start importing Assets/myModel/Dead.controller using Guid(aaa3f148e1d014b43bcc098436a5a87b) Importer(815301076,1909f56bfc062723c751e8b465ee728b)  -> (artifact id: 'cefc293b471aca1c7e254868521e1687') in 0.036870 seconds 
  Import took 0.055039 seconds .

========================================================================
Received Import Request.
  Time since last request: 1746.493493 seconds.
  path: Assets/myModel/Def.controller
  artifactKey: Guid(55d8e285941d44d42aa49b1abaab506a) Importer(815301076,1909f56bfc062723c751e8b465ee728b)
Start importing Assets/myModel/Def.controller using Guid(55d8e285941d44d42aa49b1abaab506a) Importer(815301076,1909f56bfc062723c751e8b465ee728b)  -> (artifact id: 'be51a2c582101ae4aa32bf1acf163d45') in 0.009780 seconds 
  Import took 0.013837 seconds .

========================================================================
Received Import Request.
  Time since last request: 10.935588 seconds.
  path: Assets/myModel/Dead.controller
  artifactKey: Guid(aaa3f148e1d014b43bcc098436a5a87b) Importer(815301076,1909f56bfc062723c751e8b465ee728b)
Start importing Assets/myModel/Dead.controller using Guid(aaa3f148e1d014b43bcc098436a5a87b) Importer(815301076,1909f56bfc062723c751e8b465ee728b)  -> (artifact id: '8f5fb36dc7bccd6a51f7958ea5179cc6') in 0.006164 seconds 
  Import took 0.025950 seconds .

========================================================================
Received Prepare
Registering precompiled user dll's ...
Registered in 0.041818 seconds.
Begin MonoManager ReloadAssembly
Native extension for WindowsStandalone target not found
Refreshing native plugins compatible for Editor in 0.67 ms, found 2 plugins.
Preloading 0 native plugins for Editor in 0.00 ms.
Mono: successfully reloaded assembly
- Completed reload, in  3.629 seconds
Domain Reload Profiling:
	ReloadAssembly (3696ms)
		BeginReloadAssembly (1359ms)
			ExecutionOrderSort (0ms)
			DisableScriptedObjects (194ms)
			BackupInstance (0ms)
			ReleaseScriptingObjects (0ms)
			CreateAndSetChildDomain (676ms)
		EndReloadAssembly (2109ms)
			LoadAssemblies (350ms)
			RebuildTransferFunctionScriptingTraits (0ms)
			SetupTypeCache (749ms)
			ReleaseScriptCaches (3ms)
			RebuildScriptCaches (91ms)
			SetupLoadedEditorAssemblies (706ms)
				LogAssemblyErrors (0ms)
				InitializePlatformSupportModulesInManaged (14ms)
				SetLoadedEditorAssemblies (2ms)
				RefreshPlugins (1ms)
				BeforeProcessingInitializeOnLoad (136ms)
				ProcessInitializeOnLoadAttributes (524ms)
				ProcessInitializeOnLoadMethodAttributes (19ms)
				AfterProcessingInitializeOnLoad (11ms)
				EditorAssembliesLoaded (0ms)
			ExecutionOrderSort2 (0ms)
			AwakeInstancesAfterBackupRestoration (19ms)
Platform modules already initialized, skipping
Refreshing native plugins compatible for Editor in 0.63 ms, found 2 plugins.
Preloading 0 native plugins for Editor in 0.00 ms.
Unloading 1500 Unused Serialized files (Serialized files now loaded: 0)
System memory in use before: 85.0 MB.
System memory in use after: 85.1 MB.

Unloading 14 unused Assets to reduce memory usage. Loaded Objects now: 2019.
Total: 6.522900 ms (FindLiveObjects: 0.515600 ms CreateObjectMapping: 0.351100 ms MarkObjects: 5.256900 ms  DeleteObjects: 0.397000 ms)

AssetImportParameters requested are different than current active one (requested -> active):
  custom:framework-win-MediaFoundation: 216162199b28c13a410421893ffa2e32 -> 
  custom:video-decoder-ogg-theora: a1e56fd34408186e4bbccfd4996cb3dc -> 
  custom:container-muxer-webm: aa71ff27fc2769a1b78a27578f13a17b -> 
  custom:container-demuxer-webm: 4f35f7cbe854078d1ac9338744f61a02 -> 
  custom:container-demuxer-ogg: 62fdf1f143b41e24485cea50d1cbac27 -> 
  custom:video-encoder-webm-vp8: eb34c28f22e8b96e1ab97ce403110664 -> 
  custom:video-decoder-webm-vp8: 9c59270c3fd7afecdb556c50c9e8de78 -> 
  custom:audio-decoder-ogg-vorbis: bf7c407c2cedff20999df2af8eb42d56 -> 
  custom:audio-encoder-webm-vorbis: bf7c407c2cedff20999df2af8eb42d56 -> 
========================================================================
Received Prepare
Registering precompiled user dll's ...
Registered in 0.065997 seconds.
Begin MonoManager ReloadAssembly
Native extension for WindowsStandalone target not found
Refreshing native plugins compatible for Editor in 0.41 ms, found 2 plugins.
Preloading 0 native plugins for Editor in 0.00 ms.
Mono: successfully reloaded assembly
- Completed reload, in  1.837 seconds
Domain Reload Profiling:
	ReloadAssembly (1837ms)
		BeginReloadAssembly (127ms)
			ExecutionOrderSort (0ms)
			DisableScriptedObjects (6ms)
			BackupInstance (0ms)
			ReleaseScriptingObjects (0ms)
			CreateAndSetChildDomain (40ms)
		EndReloadAssembly (1615ms)
			LoadAssemblies (684ms)
			RebuildTransferFunctionScriptingTraits (0ms)
			SetupTypeCache (457ms)
			ReleaseScriptCaches (1ms)
			RebuildScriptCaches (42ms)
			SetupLoadedEditorAssemblies (314ms)
				LogAssemblyErrors (0ms)
				InitializePlatformSupportModulesInManaged (6ms)
				SetLoadedEditorAssemblies (1ms)
				RefreshPlugins (0ms)
				BeforeProcessingInitializeOnLoad (54ms)
				ProcessInitializeOnLoadAttributes (226ms)
				ProcessInitializeOnLoadMethodAttributes (17ms)
				AfterProcessingInitializeOnLoad (9ms)
				EditorAssembliesLoaded (0ms)
			ExecutionOrderSort2 (0ms)
			AwakeInstancesAfterBackupRestoration (11ms)
Platform modules already initialized, skipping
Refreshing native plugins compatible for Editor in 0.89 ms, found 2 plugins.
Preloading 0 native plugins for Editor in 0.00 ms.
Unloading 1500 Unused Serialized files (Serialized files now loaded: 0)
System memory in use before: 85.0 MB.
System memory in use after: 85.1 MB.

Unloading 14 unused Assets to reduce memory usage. Loaded Objects now: 2021.
Total: 3.421000 ms (FindLiveObjects: 0.228400 ms CreateObjectMapping: 0.066800 ms MarkObjects: 3.104600 ms  DeleteObjects: 0.019900 ms)

AssetImportParameters requested are different than current active one (requested -> active):
  custom:framework-win-MediaFoundation: 216162199b28c13a410421893ffa2e32 -> 
  custom:video-decoder-ogg-theora: a1e56fd34408186e4bbccfd4996cb3dc -> 
  custom:container-muxer-webm: aa71ff27fc2769a1b78a27578f13a17b -> 
  custom:container-demuxer-webm: 4f35f7cbe854078d1ac9338744f61a02 -> 
  custom:container-demuxer-ogg: 62fdf1f143b41e24485cea50d1cbac27 -> 
  custom:video-encoder-webm-vp8: eb34c28f22e8b96e1ab97ce403110664 -> 
  custom:video-decoder-webm-vp8: 9c59270c3fd7afecdb556c50c9e8de78 -> 
  custom:audio-decoder-ogg-vorbis: bf7c407c2cedff20999df2af8eb42d56 -> 
  custom:audio-encoder-webm-vorbis: bf7c407c2cedff20999df2af8eb42d56 -> 
========================================================================
Received Import Request.
  Time since last request: 1235.881474 seconds.
  path: Assets/Scripts/WreckOnCollision.cs
  artifactKey: Guid(2cbcbe59a9bfbaf4b86c502fa6477b22) Importer(815301076,1909f56bfc062723c751e8b465ee728b)
Start importing Assets/Scripts/WreckOnCollision.cs using Guid(2cbcbe59a9bfbaf4b86c502fa6477b22) Importer(815301076,1909f56bfc062723c751e8b465ee728b)  -> (artifact id: 'a785f35dd1164d03df429e0e41884ffb') in 0.053189 seconds 
  Import took 0.072961 seconds .

========================================================================
Received Import Request.
  Time since last request: 167.121043 seconds.
  path: Assets/Prefabs/xbot@Death.prefab
  artifactKey: Guid(de7144745ddb57447ace6a22668b695c) Importer(815301076,1909f56bfc062723c751e8b465ee728b)
Start importing Assets/Prefabs/xbot@Death.prefab using Guid(de7144745ddb57447ace6a22668b695c) Importer(815301076,1909f56bfc062723c751e8b465ee728b)  -> (artifact id: 'ae618082121fad0cb05c021e22d0661f') in 0.571199 seconds 
  Import took 0.596543 seconds .

========================================================================
Received Import Request.
  Time since last request: 68.455632 seconds.
  path: Assets/Prefabs/deathPrefab.prefab
  artifactKey: Guid(de7144745ddb57447ace6a22668b695c) Importer(815301076,1909f56bfc062723c751e8b465ee728b)
Start importing Assets/Prefabs/deathPrefab.prefab using Guid(de7144745ddb57447ace6a22668b695c) Importer(815301076,1909f56bfc062723c751e8b465ee728b)  -> (artifact id: '1a4fd4bb6feef386fa8c90bde330e188') in 0.047620 seconds 
  Import took 0.071525 seconds .

========================================================================
Received Prepare
Registering precompiled user dll's ...
Registered in 0.084249 seconds.
Begin MonoManager ReloadAssembly
Native extension for WindowsStandalone target not found
Refreshing native plugins compatible for Editor in 6.00 ms, found 2 plugins.
Preloading 0 native plugins for Editor in 0.00 ms.
Mono: successfully reloaded assembly
- Completed reload, in 34.116 seconds
Domain Reload Profiling:
	ReloadAssembly (34124ms)
		BeginReloadAssembly (1319ms)
			ExecutionOrderSort (0ms)
			DisableScriptedObjects (78ms)
			BackupInstance (0ms)
			ReleaseScriptingObjects (0ms)
			CreateAndSetChildDomain (839ms)
		EndReloadAssembly (32451ms)
			LoadAssemblies (2139ms)
			RebuildTransferFunctionScriptingTraits (1ms)
			SetupTypeCache (10721ms)
			ReleaseScriptCaches (114ms)
			RebuildScriptCaches (6292ms)
			SetupLoadedEditorAssemblies (6855ms)
				LogAssemblyErrors (0ms)
				InitializePlatformSupportModulesInManaged (244ms)
				SetLoadedEditorAssemblies (9ms)
				RefreshPlugins (9ms)
				BeforeProcessingInitializeOnLoad (1476ms)
				ProcessInitializeOnLoadAttributes (4979ms)
				ProcessInitializeOnLoadMethodAttributes (108ms)
				AfterProcessingInitializeOnLoad (26ms)
				EditorAssembliesLoaded (4ms)
			ExecutionOrderSort2 (0ms)
			AwakeInstancesAfterBackupRestoration (27ms)
Platform modules already initialized, skipping
Refreshing native plugins compatible for Editor in 1.50 ms, found 2 plugins.
Preloading 0 native plugins for Editor in 0.00 ms.
Unloading 1500 Unused Serialized files (Serialized files now loaded: 0)
System memory in use before: 85.0 MB.
System memory in use after: 85.1 MB.

Unloading 14 unused Assets to reduce memory usage. Loaded Objects now: 2024.
Total: 284.120800 ms (FindLiveObjects: 14.342900 ms CreateObjectMapping: 1.035200 ms MarkObjects: 267.848100 ms  DeleteObjects: 0.886000 ms)

AssetImportParameters requested are different than current active one (requested -> active):
  custom:framework-win-MediaFoundation: 216162199b28c13a410421893ffa2e32 -> 
  custom:video-decoder-ogg-theora: a1e56fd34408186e4bbccfd4996cb3dc -> 
  custom:container-muxer-webm: aa71ff27fc2769a1b78a27578f13a17b -> 
  custom:container-demuxer-webm: 4f35f7cbe854078d1ac9338744f61a02 -> 
  custom:container-demuxer-ogg: 62fdf1f143b41e24485cea50d1cbac27 -> 
  custom:video-encoder-webm-vp8: eb34c28f22e8b96e1ab97ce403110664 -> 
  custom:video-decoder-webm-vp8: 9c59270c3fd7afecdb556c50c9e8de78 -> 
  custom:audio-decoder-ogg-vorbis: bf7c407c2cedff20999df2af8eb42d56 -> 
  custom:audio-encoder-webm-vorbis: bf7c407c2cedff20999df2af8eb42d56 -> 
========================================================================
Received Import Request.
  Time since last request: 653.808519 seconds.
  path: Assets/myModel/Def.controller
  artifactKey: Guid(55d8e285941d44d42aa49b1abaab506a) Importer(815301076,1909f56bfc062723c751e8b465ee728b)
Start importing Assets/myModel/Def.controller using Guid(55d8e285941d44d42aa49b1abaab506a) Importer(815301076,1909f56bfc062723c751e8b465ee728b)  -> (artifact id: '6b757af05817b08123a79e09530c0c1f') in 0.067229 seconds 
  Import took 0.093211 seconds .

========================================================================
Received Import Request.
  Time since last request: 3.575157 seconds.
  path: Assets/myModel/Dead.controller
  artifactKey: Guid(aaa3f148e1d014b43bcc098436a5a87b) Importer(815301076,1909f56bfc062723c751e8b465ee728b)
Start importing Assets/myModel/Dead.controller using Guid(aaa3f148e1d014b43bcc098436a5a87b) Importer(815301076,1909f56bfc062723c751e8b465ee728b)  -> (artifact id: '15f1afaeaba510df1c7404df4987b38c') in 0.025280 seconds 
  Import took 0.075708 seconds .

========================================================================
Received Import Request.
  Time since last request: 144.442320 seconds.
  path: Assets/myModel/Death.fbx
  artifactKey: Guid(61096cd06a670524bb3c4ce534f126d2) Importer(815301076,1909f56bfc062723c751e8b465ee728b)
Start importing Assets/myModel/Death.fbx using Guid(61096cd06a670524bb3c4ce534f126d2) Importer(815301076,1909f56bfc062723c751e8b465ee728b)  -> (artifact id: '46e3d65503836956d3b72f6e84420e1d') in 0.489678 seconds 
  Import took 0.508289 seconds .

========================================================================
Received Import Request.
  Time since last request: 0.000693 seconds.
  path: Assets/myModel/dence.fbx
  artifactKey: Guid(d317adf2a951fcb40883168f396d16c3) Importer(815301076,1909f56bfc062723c751e8b465ee728b)
Start importing Assets/myModel/dence.fbx using Guid(d317adf2a951fcb40883168f396d16c3) Importer(815301076,1909f56bfc062723c751e8b465ee728b)  -> (artifact id: 'b299f8bd77873c831c28f8f64726a02a') in 0.129148 seconds 
  Import took 0.145086 seconds .

========================================================================
Received Import Request.
  Time since last request: 48.626094 seconds.
  path: Assets/myModel/dence.fbx
  artifactKey: Guid(d317adf2a951fcb40883168f396d16c3) Importer(815301076,1909f56bfc062723c751e8b465ee728b)
Start importing Assets/myModel/dence.fbx using Guid(d317adf2a951fcb40883168f396d16c3) Importer(815301076,1909f56bfc062723c751e8b465ee728b)  -> (artifact id: 'f5e9dac34f51ba477741d21c0cdc1e20') in 0.100388 seconds 
  Import took 0.140710 seconds .

========================================================================
Received Import Request.
  Time since last request: 17.503648 seconds.
  path: Assets/myModel/dence.fbx
  artifactKey: Guid(d317adf2a951fcb40883168f396d16c3) Importer(815301076,1909f56bfc062723c751e8b465ee728b)
Start importing Assets/myModel/dence.fbx using Guid(d317adf2a951fcb40883168f396d16c3) Importer(815301076,1909f56bfc062723c751e8b465ee728b)  -> (artifact id: '268c51d152a382bc29cfb8a47bc6260f') in 0.071279 seconds 
  Import took 0.130452 seconds .

========================================================================
Received Import Request.
  Time since last request: 5.907278 seconds.
  path: Assets/myModel/Death.fbx
  artifactKey: Guid(61096cd06a670524bb3c4ce534f126d2) Importer(815301076,1909f56bfc062723c751e8b465ee728b)
Start importing Assets/myModel/Death.fbx using Guid(61096cd06a670524bb3c4ce534f126d2) Importer(815301076,1909f56bfc062723c751e8b465ee728b)  -> (artifact id: '81a97a00035426d159817dc26d89e7e2') in 0.095813 seconds 
  Import took 0.130703 seconds .

========================================================================
Received Import Request.
  Time since last request: 19.927597 seconds.
  path: Assets/myModel/dence.fbx
  artifactKey: Guid(d317adf2a951fcb40883168f396d16c3) Importer(815301076,1909f56bfc062723c751e8b465ee728b)
Start importing Assets/myModel/dence.fbx using Guid(d317adf2a951fcb40883168f396d16c3) Importer(815301076,1909f56bfc062723c751e8b465ee728b)  -> (artifact id: '392a380a6c5e1d2bfa12aeb4446f2b63') in 0.067212 seconds 
  Import took 0.105095 seconds .

========================================================================
Received Import Request.
  Time since last request: 63.783603 seconds.
  path: Assets/myModel/Death.fbx
  artifactKey: Guid(61096cd06a670524bb3c4ce534f126d2) Importer(815301076,1909f56bfc062723c751e8b465ee728b)
Start importing Assets/myModel/Death.fbx using Guid(61096cd06a670524bb3c4ce534f126d2) Importer(815301076,1909f56bfc062723c751e8b465ee728b)  -> (artifact id: '1de446def2b6ce8e02d976dfbda1bdaa') in 0.103916 seconds 
  Import took 0.122053 seconds .

========================================================================
Received Import Request.
  Time since last request: 0.000271 seconds.
  path: Assets/myModel/asdf1_Beta_HighLimbsGeoSG2.mat
  artifactKey: Guid(a9b7d0d608714e54cbe000d397008d5f) Importer(815301076,1909f56bfc062723c751e8b465ee728b)
Start importing Assets/myModel/asdf1_Beta_HighLimbsGeoSG2.mat using Guid(a9b7d0d608714e54cbe000d397008d5f) Importer(815301076,1909f56bfc062723c751e8b465ee728b)  -> (artifact id: '8cd5472aa2d2e3f1d43e16f387c53c39') in 0.029841 seconds 
  Import took 0.049336 seconds .

========================================================================
Received Import Request.
  Time since last request: 0.000216 seconds.
  path: Assets/myModel/Beta_Joints_MAT.mat
  artifactKey: Guid(1772173cc1006a2439c005a96469adba) Importer(815301076,1909f56bfc062723c751e8b465ee728b)
Start importing Assets/myModel/Beta_Joints_MAT.mat using Guid(1772173cc1006a2439c005a96469adba) Importer(815301076,1909f56bfc062723c751e8b465ee728b)  -> (artifact id: '6910ee66db9aac263229ea125e0e542f') in 0.050816 seconds 
  Import took 0.068122 seconds .

========================================================================
Received Import Request.
  Time since last request: 70.080002 seconds.
  path: Assets/myModel/dence.fbx
  artifactKey: Guid(d317adf2a951fcb40883168f396d16c3) Importer(815301076,1909f56bfc062723c751e8b465ee728b)
Start importing Assets/myModel/dence.fbx using Guid(d317adf2a951fcb40883168f396d16c3) Importer(815301076,1909f56bfc062723c751e8b465ee728b)  -> (artifact id: '259a7ae1ce1b48adeba066473ffe4f18') in 0.113346 seconds 
  Import took 0.132151 seconds .

========================================================================
Received Import Request.
  Time since last request: 21.949504 seconds.
  path: Assets/myModel/Death.fbx
  artifactKey: Guid(61096cd06a670524bb3c4ce534f126d2) Importer(815301076,1909f56bfc062723c751e8b465ee728b)
Start importing Assets/myModel/Death.fbx using Guid(61096cd06a670524bb3c4ce534f126d2) Importer(815301076,1909f56bfc062723c751e8b465ee728b)  -> (artifact id: '19a69f7addc49c5c884871b7545b4bbe') in 0.105955 seconds 
  Import took 0.112770 seconds .

========================================================================
Received Import Request.
  Time since last request: 42.694917 seconds.
  path: Assets/myModel/dence.fbx
  artifactKey: Guid(d317adf2a951fcb40883168f396d16c3) Importer(815301076,1909f56bfc062723c751e8b465ee728b)
Start importing Assets/myModel/dence.fbx using Guid(d317adf2a951fcb40883168f396d16c3) Importer(815301076,1909f56bfc062723c751e8b465ee728b)  -> (artifact id: 'a29a5c4ad6bfece7154b447aa5effe4a') in 0.073391 seconds 
  Import took 0.077013 seconds .

========================================================================
Received Import Request.
  Time since last request: 367.413735 seconds.
  path: Assets/myModel/dence.fbx
  artifactKey: Guid(d317adf2a951fcb40883168f396d16c3) Importer(815301076,1909f56bfc062723c751e8b465ee728b)
Start importing Assets/myModel/dence.fbx using Guid(d317adf2a951fcb40883168f396d16c3) Importer(815301076,1909f56bfc062723c751e8b465ee728b)  -> (artifact id: 'ac0e78f9a1e4ce2b1d5009243b1fe46c') in 0.761035 seconds 
  Import took 0.886395 seconds .

========================================================================
Received Import Request.
  Time since last request: 70.363897 seconds.
  path: Assets/myModel/dence.fbx
  artifactKey: Guid(d317adf2a951fcb40883168f396d16c3) Importer(815301076,1909f56bfc062723c751e8b465ee728b)
Start importing Assets/myModel/dence.fbx using Guid(d317adf2a951fcb40883168f396d16c3) Importer(815301076,1909f56bfc062723c751e8b465ee728b)  -> (artifact id: 'b38d88aa2c4270a2583caaeacdfb4eff') in 0.607516 seconds 
  Import took 0.692461 seconds .

========================================================================
Received Import Request.
  Time since last request: 91.555647 seconds.
  path: Assets/myModel/Death.fbx
  artifactKey: Guid(61096cd06a670524bb3c4ce534f126d2) Importer(815301076,1909f56bfc062723c751e8b465ee728b)
Start importing Assets/myModel/Death.fbx using Guid(61096cd06a670524bb3c4ce534f126d2) Importer(815301076,1909f56bfc062723c751e8b465ee728b)  -> (artifact id: '6e52ad74f0b290aadedd14152a3f5f25') in 0.598148 seconds 
  Import took 0.734622 seconds .

========================================================================
Received Import Request.
  Time since last request: 40.677993 seconds.
  path: Assets/myModel/Death.fbx
  artifactKey: Guid(61096cd06a670524bb3c4ce534f126d2) Importer(815301076,1909f56bfc062723c751e8b465ee728b)
Start importing Assets/myModel/Death.fbx using Guid(61096cd06a670524bb3c4ce534f126d2) Importer(815301076,1909f56bfc062723c751e8b465ee728b)  -> (artifact id: '3e20f1147730b645d514d3f5d37e55b9') in 0.647839 seconds 
  Import took 0.793612 seconds .

========================================================================
Received Import Request.
  Time since last request: 14.124793 seconds.
  path: Assets/myModel/dence.fbx
  artifactKey: Guid(d317adf2a951fcb40883168f396d16c3) Importer(815301076,1909f56bfc062723c751e8b465ee728b)
Start importing Assets/myModel/dence.fbx using Guid(d317adf2a951fcb40883168f396d16c3) Importer(815301076,1909f56bfc062723c751e8b465ee728b)  -> (artifact id: '7a22c4b9c3656adc83c1280b594fade5') in 0.579125 seconds 
  Import took 0.701952 seconds .

========================================================================
Received Import Request.
  Time since last request: 45.193366 seconds.
  path: Assets/myModel/dence.fbx
  artifactKey: Guid(d317adf2a951fcb40883168f396d16c3) Importer(815301076,1909f56bfc062723c751e8b465ee728b)
Start importing Assets/myModel/dence.fbx using Guid(d317adf2a951fcb40883168f396d16c3) Importer(815301076,1909f56bfc062723c751e8b465ee728b)  -> (artifact id: 'e5628a78ee64d2e8dd10538529f21682') in 0.553549 seconds 
  Import took 0.635415 seconds .

========================================================================
Received Import Request.
  Time since last request: 74.343202 seconds.
  path: Assets/myModel/dence.controller
  artifactKey: Guid(5d027c862641b77419b241d435bc8434) Importer(815301076,1909f56bfc062723c751e8b465ee728b)
Start importing Assets/myModel/dence.controller using Guid(5d027c862641b77419b241d435bc8434) Importer(815301076,1909f56bfc062723c751e8b465ee728b)  -> (artifact id: '243c1fa1619d18fcf26af6d5297312b1') in 0.114922 seconds 
  Import took 0.272183 seconds .

========================================================================
Received Import Request.
  Time since last request: 26.431053 seconds.
  path: Assets/myModel/dead.controller
  artifactKey: Guid(aaa3f148e1d014b43bcc098436a5a87b) Importer(815301076,1909f56bfc062723c751e8b465ee728b)
Start importing Assets/myModel/dead.controller using Guid(aaa3f148e1d014b43bcc098436a5a87b) Importer(815301076,1909f56bfc062723c751e8b465ee728b)  -> (artifact id: 'd56c0d92225f320eed7f3b39ba82e81b') in 0.179655 seconds 
  Import took 0.313232 seconds .

========================================================================
Received Import Request.
  Time since last request: 17.153753 seconds.
  path: Assets/myModel/death.fbx
  artifactKey: Guid(61096cd06a670524bb3c4ce534f126d2) Importer(815301076,1909f56bfc062723c751e8b465ee728b)
Start importing Assets/myModel/death.fbx using Guid(61096cd06a670524bb3c4ce534f126d2) Importer(815301076,1909f56bfc062723c751e8b465ee728b)  -> (artifact id: '6e70e3285fe56caa1743cd29a420510b') in 0.599810 seconds 
  Import took 0.828920 seconds .

========================================================================
Received Import Request.
  Time since last request: 73.489379 seconds.
  path: Assets/myModel/dead.controller
  artifactKey: Guid(aaa3f148e1d014b43bcc098436a5a87b) Importer(815301076,1909f56bfc062723c751e8b465ee728b)
Start importing Assets/myModel/dead.controller using Guid(aaa3f148e1d014b43bcc098436a5a87b) Importer(815301076,1909f56bfc062723c751e8b465ee728b)  -> (artifact id: 'c3df6135fa16dd3542b013ed187444c1') in 0.075704 seconds 
  Import took 0.161243 seconds .

========================================================================
Received Prepare
Registering precompiled user dll's ...
Registered in 0.130344 seconds.
Begin MonoManager ReloadAssembly
Native extension for WindowsStandalone target not found
Refreshing native plugins compatible for Editor in 1.24 ms, found 2 plugins.
Preloading 0 native plugins for Editor in 0.00 ms.
Mono: successfully reloaded assembly
- Completed reload, in 19.529 seconds
Domain Reload Profiling:
	ReloadAssembly (19639ms)
		BeginReloadAssembly (7900ms)
			ExecutionOrderSort (1ms)
			DisableScriptedObjects (598ms)
			BackupInstance (0ms)
			ReleaseScriptingObjects (1ms)
			CreateAndSetChildDomain (5095ms)
		EndReloadAssembly (10928ms)
			LoadAssemblies (1598ms)
			RebuildTransferFunctionScriptingTraits (0ms)
			SetupTypeCache (3866ms)
			ReleaseScriptCaches (1ms)
			RebuildScriptCaches (540ms)
			SetupLoadedEditorAssemblies (3464ms)
				LogAssemblyErrors (0ms)
				InitializePlatformSupportModulesInManaged (91ms)
				SetLoadedEditorAssemblies (5ms)
				RefreshPlugins (2ms)
				BeforeProcessingInitializeOnLoad (485ms)
				ProcessInitializeOnLoadAttributes (2738ms)
				ProcessInitializeOnLoadMethodAttributes (76ms)
				AfterProcessingInitializeOnLoad (66ms)
				EditorAssembliesLoaded (0ms)
			ExecutionOrderSort2 (0ms)
			AwakeInstancesAfterBackupRestoration (219ms)
Platform modules already initialized, skipping
Refreshing native plugins compatible for Editor in 0.85 ms, found 2 plugins.
Preloading 0 native plugins for Editor in 0.00 ms.
Unloading 1500 Unused Serialized files (Serialized files now loaded: 0)
System memory in use before: 85.2 MB.
System memory in use after: 85.3 MB.

Unloading 14 unused Assets to reduce memory usage. Loaded Objects now: 2027.
Total: 76.609000 ms (FindLiveObjects: 0.332600 ms CreateObjectMapping: 0.097300 ms MarkObjects: 75.648700 ms  DeleteObjects: 0.525500 ms)

AssetImportParameters requested are different than current active one (requested -> active):
  custom:framework-win-MediaFoundation: 216162199b28c13a410421893ffa2e32 -> 
  custom:video-decoder-ogg-theora: a1e56fd34408186e4bbccfd4996cb3dc -> 
  custom:container-muxer-webm: aa71ff27fc2769a1b78a27578f13a17b -> 
  custom:container-demuxer-webm: 4f35f7cbe854078d1ac9338744f61a02 -> 
  custom:container-demuxer-ogg: 62fdf1f143b41e24485cea50d1cbac27 -> 
  custom:video-encoder-webm-vp8: eb34c28f22e8b96e1ab97ce403110664 -> 
  custom:video-decoder-webm-vp8: 9c59270c3fd7afecdb556c50c9e8de78 -> 
  custom:audio-decoder-ogg-vorbis: bf7c407c2cedff20999df2af8eb42d56 -> 
  custom:audio-encoder-webm-vorbis: bf7c407c2cedff20999df2af8eb42d56 -> 
========================================================================
Received Import Request.
  Time since last request: 505.869183 seconds.
  path: Assets/Prefabs/death.prefab
  artifactKey: Guid(336c4f51fc6df684abd371ce4ed2c16a) Importer(815301076,1909f56bfc062723c751e8b465ee728b)
Start importing Assets/Prefabs/death.prefab using Guid(336c4f51fc6df684abd371ce4ed2c16a) Importer(815301076,1909f56bfc062723c751e8b465ee728b)  -> (artifact id: '58d93cfa56f4fc174a06b4125ed27547') in 3.014898 seconds 
  Import took 3.063077 seconds .

========================================================================
Received Import Request.
  Time since last request: 31.832724 seconds.
  path: Assets/Prefabs/deathPrefab.prefab
  artifactKey: Guid(336c4f51fc6df684abd371ce4ed2c16a) Importer(815301076,1909f56bfc062723c751e8b465ee728b)
Start importing Assets/Prefabs/deathPrefab.prefab using Guid(336c4f51fc6df684abd371ce4ed2c16a) Importer(815301076,1909f56bfc062723c751e8b465ee728b)  -> (artifact id: '765bcc52351019ecc8346b84e1e2ff9e') in 0.358535 seconds 
  Import took 0.418752 seconds .

========================================================================
Received Prepare
Registering precompiled user dll's ...
Registered in 0.065856 seconds.
Begin MonoManager ReloadAssembly
Native extension for WindowsStandalone target not found
Refreshing native plugins compatible for Editor in 0.43 ms, found 2 plugins.
Preloading 0 native plugins for Editor in 0.00 ms.
Mono: successfully reloaded assembly
- Completed reload, in  9.315 seconds
Domain Reload Profiling:
	ReloadAssembly (9316ms)
		BeginReloadAssembly (736ms)
			ExecutionOrderSort (0ms)
			DisableScriptedObjects (31ms)
			BackupInstance (0ms)
			ReleaseScriptingObjects (0ms)
			CreateAndSetChildDomain (333ms)
		EndReloadAssembly (8273ms)
			LoadAssemblies (633ms)
			RebuildTransferFunctionScriptingTraits (0ms)
			SetupTypeCache (4164ms)
			ReleaseScriptCaches (2ms)
			RebuildScriptCaches (818ms)
			SetupLoadedEditorAssemblies (1671ms)
				LogAssemblyErrors (0ms)
				InitializePlatformSupportModulesInManaged (8ms)
				SetLoadedEditorAssemblies (1ms)
				RefreshPlugins (0ms)
				BeforeProcessingInitializeOnLoad (385ms)
				ProcessInitializeOnLoadAttributes (1231ms)
				ProcessInitializeOnLoadMethodAttributes (36ms)
				AfterProcessingInitializeOnLoad (9ms)
				EditorAssembliesLoaded (0ms)
			ExecutionOrderSort2 (0ms)
			AwakeInstancesAfterBackupRestoration (7ms)
Platform modules already initialized, skipping
Refreshing native plugins compatible for Editor in 1.30 ms, found 2 plugins.
Preloading 0 native plugins for Editor in 0.00 ms.
Unloading 1500 Unused Serialized files (Serialized files now loaded: 0)
System memory in use before: 85.2 MB.
System memory in use after: 85.3 MB.

Unloading 14 unused Assets to reduce memory usage. Loaded Objects now: 2030.
Total: 26.607600 ms (FindLiveObjects: 0.192700 ms CreateObjectMapping: 0.069000 ms MarkObjects: 26.281500 ms  DeleteObjects: 0.061700 ms)

AssetImportParameters requested are different than current active one (requested -> active):
  custom:framework-win-MediaFoundation: 216162199b28c13a410421893ffa2e32 -> 
  custom:video-decoder-ogg-theora: a1e56fd34408186e4bbccfd4996cb3dc -> 
  custom:container-muxer-webm: aa71ff27fc2769a1b78a27578f13a17b -> 
  custom:container-demuxer-webm: 4f35f7cbe854078d1ac9338744f61a02 -> 
  custom:container-demuxer-ogg: 62fdf1f143b41e24485cea50d1cbac27 -> 
  custom:video-encoder-webm-vp8: eb34c28f22e8b96e1ab97ce403110664 -> 
  custom:video-decoder-webm-vp8: 9c59270c3fd7afecdb556c50c9e8de78 -> 
  custom:audio-decoder-ogg-vorbis: bf7c407c2cedff20999df2af8eb42d56 -> 
  custom:audio-encoder-webm-vorbis: bf7c407c2cedff20999df2af8eb42d56 -> 
========================================================================
Received Import Request.
  Time since last request: 133.551681 seconds.
  path: Assets/dence.fbx
  artifactKey: Guid(320ccf080edc98a4cba33be28e941012) Importer(815301076,1909f56bfc062723c751e8b465ee728b)
Start importing Assets/dence.fbx using Guid(320ccf080edc98a4cba33be28e941012) Importer(815301076,1909f56bfc062723c751e8b465ee728b)  -> (artifact id: '7371c55fbe6fb56aa07e602c5df2abd7') in 0.937337 seconds 
  Import took 0.984888 seconds .

========================================================================
Received Import Request.
  Time since last request: 0.006065 seconds.
  path: Assets/Death.fbx
  artifactKey: Guid(23aa3cdc63a857d49b3898d56ab81ae9) Importer(815301076,1909f56bfc062723c751e8b465ee728b)
Start importing Assets/Death.fbx using Guid(23aa3cdc63a857d49b3898d56ab81ae9) Importer(815301076,1909f56bfc062723c751e8b465ee728b)  -> (artifact id: '26f783d740aabfb432365feb63a1fe68') in 0.428658 seconds 
  Import took 0.560410 seconds .

========================================================================
Received Prepare
Registering precompiled user dll's ...
Registered in 0.300105 seconds.
Begin MonoManager ReloadAssembly
Native extension for WindowsStandalone target not found
Refreshing native plugins compatible for Editor in 1.65 ms, found 2 plugins.
Preloading 0 native plugins for Editor in 0.00 ms.
Mono: successfully reloaded assembly
- Completed reload, in  4.230 seconds
Domain Reload Profiling:
	ReloadAssembly (4289ms)
		BeginReloadAssembly (1349ms)
			ExecutionOrderSort (2ms)
			DisableScriptedObjects (148ms)
			BackupInstance (0ms)
			ReleaseScriptingObjects (4ms)
			CreateAndSetChildDomain (540ms)
		EndReloadAssembly (2617ms)
			LoadAssemblies (1159ms)
			RebuildTransferFunctionScriptingTraits (5ms)
			SetupTypeCache (659ms)
			ReleaseScriptCaches (5ms)
			RebuildScriptCaches (66ms)
			SetupLoadedEditorAssemblies (517ms)
				LogAssemblyErrors (0ms)
				InitializePlatformSupportModulesInManaged (20ms)
				SetLoadedEditorAssemblies (4ms)
				RefreshPlugins (2ms)
				BeforeProcessingInitializeOnLoad (80ms)
				ProcessInitializeOnLoadAttributes (379ms)
				ProcessInitializeOnLoadMethodAttributes (22ms)
				AfterProcessingInitializeOnLoad (6ms)
				EditorAssembliesLoaded (3ms)
			ExecutionOrderSort2 (0ms)
			AwakeInstancesAfterBackupRestoration (8ms)
Platform modules already initialized, skipping
Refreshing native plugins compatible for Editor in 0.40 ms, found 2 plugins.
Preloading 0 native plugins for Editor in 0.00 ms.
Unloading 1500 Unused Serialized files (Serialized files now loaded: 0)
System memory in use before: 85.2 MB.
System memory in use after: 85.3 MB.

Unloading 14 unused Assets to reduce memory usage. Loaded Objects now: 2033.
Total: 34.891400 ms (FindLiveObjects: 5.395200 ms CreateObjectMapping: 0.150300 ms MarkObjects: 29.110700 ms  DeleteObjects: 0.231100 ms)

AssetImportParameters requested are different than current active one (requested -> active):
  custom:framework-win-MediaFoundation: 216162199b28c13a410421893ffa2e32 -> 
  custom:video-decoder-ogg-theora: a1e56fd34408186e4bbccfd4996cb3dc -> 
  custom:container-muxer-webm: aa71ff27fc2769a1b78a27578f13a17b -> 
  custom:container-demuxer-webm: 4f35f7cbe854078d1ac9338744f61a02 -> 
  custom:container-demuxer-ogg: 62fdf1f143b41e24485cea50d1cbac27 -> 
  custom:video-encoder-webm-vp8: eb34c28f22e8b96e1ab97ce403110664 -> 
  custom:video-decoder-webm-vp8: 9c59270c3fd7afecdb556c50c9e8de78 -> 
  custom:audio-decoder-ogg-vorbis: bf7c407c2cedff20999df2af8eb42d56 -> 
  custom:audio-encoder-webm-vorbis: bf7c407c2cedff20999df2af8eb42d56 -> 
